2025-02-18 14:44:02,951 - INFO - \U0001f680 Iniciando el pipeline de procesamiento y entrenamiento...
2025-02-18 14:44:02,952 - ERROR - \u274c Carpeta de datos no encontrada: backend/database/
2025-02-18 14:44:32,716 - INFO - \U0001f680 Iniciando el pipeline de procesamiento y entrenamiento...
2025-02-18 14:44:54,659 - INFO - \U0001f4c2 Archivo cargado correctamente: database/SRI_RUC_Esmeraldas.xlsx
2025-02-18 14:44:54,660 - INFO - \u2705 Datos cargados correctamente. Total registros: 219499
2025-02-18 14:44:54,766 - INFO - \U0001f539 Iniciando limpieza de datos...
2025-02-18 14:45:01,188 - INFO - \u2705 Limpieza de datos completada correctamente.
2025-02-18 14:45:01,188 - INFO - \U0001f539 Calculando niveles de riesgo...
2025-02-18 14:45:01,218 - INFO - \u2705 Cálculo de niveles de riesgo completado.
2025-02-18 14:45:01,319 - ERROR - \u26a0\ufe0f Aún hay valores NaN en los datos después del preprocesamiento. Deteniendo ejecución.
2025-02-18 14:48:57,754 - INFO - \U0001f680 Iniciando el pipeline de procesamiento y entrenamiento...
2025-02-18 14:49:19,778 - INFO - \U0001f4c2 Archivo cargado correctamente: database/SRI_RUC_Esmeraldas.xlsx
2025-02-18 14:49:19,779 - INFO - \u2705 Datos cargados correctamente. Total registros: 219499
2025-02-18 14:49:19,855 - INFO - \U0001f539 Iniciando limpieza de datos...
2025-02-18 14:49:26,222 - INFO - \u2705 Limpieza de datos completada correctamente.
2025-02-18 14:49:26,222 - INFO - \U0001f539 Calculando niveles de riesgo...
2025-02-18 14:49:26,247 - INFO - \u2705 Cálculo de niveles de riesgo completado.
2025-02-18 14:49:26,347 - ERROR - \u26a0\ufe0f Aún hay valores NaN en los datos después del preprocesamiento. Deteniendo ejecución.
2025-02-18 14:52:59,317 - INFO - \U0001f680 Iniciando el pipeline de procesamiento y entrenamiento...
2025-02-18 14:52:59,317 - ERROR - \u274c Carpeta de datos no encontrada: backend/database/
2025-02-18 14:53:39,759 - INFO - \U0001f680 Iniciando el pipeline de procesamiento y entrenamiento...
2025-02-18 14:54:01,630 - INFO - \U0001f4c2 Archivo cargado correctamente: database/SRI_RUC_Esmeraldas.xlsx
2025-02-18 14:54:01,631 - INFO - \u2705 Datos cargados correctamente. Total registros: 219499
2025-02-18 14:54:01,631 - INFO - \u2705 Datos cargados correctamente. Total registros: 219499
2025-02-18 14:54:01,709 - INFO - \U0001f539 Iniciando limpieza de datos...
2025-02-18 14:54:08,029 - INFO - \u2705 Limpieza de datos completada correctamente.
2025-02-18 14:54:08,029 - INFO - \U0001f539 Calculando niveles de riesgo...
2025-02-18 14:54:08,055 - INFO - \u2705 Cálculo de niveles de riesgo completado.
2025-02-18 14:54:08,153 - WARNING - \u26a0\ufe0f Hay valores NaN en los datos después del preprocesamiento. Eliminando filas con NaN...
2025-02-18 14:54:08,482 - INFO - \u2705 Datos limpios guardados en: database/datos_procesados.csv
2025-02-18 14:54:51,747 - INFO - \U0001f680 Iniciando el pipeline de procesamiento y entrenamiento...
2025-02-18 14:55:14,098 - INFO - \U0001f4c2 Archivo cargado correctamente: database/SRI_RUC_Esmeraldas.xlsx
2025-02-18 14:55:14,098 - INFO - \u2705 Datos cargados correctamente. Total registros: 219499
2025-02-18 14:55:14,098 - INFO - \u2705 Datos cargados correctamente. Total registros: 219499
2025-02-18 14:55:14,179 - INFO - \U0001f539 Iniciando limpieza de datos...
2025-02-18 14:55:20,876 - INFO - \u2705 Limpieza de datos completada correctamente.
2025-02-18 14:55:20,876 - INFO - \U0001f539 Calculando niveles de riesgo...
2025-02-18 14:55:20,909 - INFO - \u2705 Cálculo de niveles de riesgo completado.
2025-02-18 14:55:21,018 - WARNING - \u26a0\ufe0f Hay valores NaN en los datos después del preprocesamiento. Eliminando filas con NaN...
2025-02-18 14:55:21,379 - INFO - \u2705 Datos limpios guardados en: database/datos_procesados.csv
2025-02-18 14:55:21,386 - INFO - \u2705 Scaler guardado en: models/scaler.pkl
2025-02-18 14:55:22,624 - INFO - \u2705 Modelos entrenados correctamente.
2025-02-18 14:59:18,082 - INFO - \U0001f680 Iniciando el pipeline de procesamiento y entrenamiento...
2025-02-18 14:59:39,872 - INFO - \U0001f4c2 Archivo cargado correctamente: database/SRI_RUC_Esmeraldas.xlsx
2025-02-18 14:59:39,872 - INFO - \u2705 Datos cargados correctamente. Total registros: 219499
2025-02-18 14:59:39,872 - INFO - \u2705 Datos cargados correctamente. Total registros: 219499
2025-02-18 14:59:39,951 - INFO - \U0001f539 Iniciando limpieza de datos...
2025-02-18 14:59:46,336 - INFO - \u2705 Limpieza de datos completada correctamente.
2025-02-18 14:59:46,337 - INFO - \U0001f539 Calculando niveles de riesgo...
2025-02-18 14:59:46,362 - INFO - \u2705 Cálculo de niveles de riesgo completado.
2025-02-18 14:59:46,462 - WARNING - \u26a0\ufe0f Hay valores NaN en los datos después del preprocesamiento. Eliminando filas con NaN...
2025-02-18 14:59:46,783 - INFO - \u2705 Datos limpios guardados en: database/datos_procesados.csv
2025-02-18 14:59:46,789 - INFO - \u2705 Scaler guardado en: models/scaler.pkl
2025-02-18 14:59:46,790 - INFO - \U0001f535 Entrenando RandomForest...
2025-02-18 14:59:47,632 - INFO - \u2705 RandomForest guardado como `backend/models\RandomForest.pkl`
2025-02-18 14:59:47,632 - INFO - \U0001f535 Entrenando XGBoost...
2025-02-18 14:59:47,633 - ERROR - \u274c Error entrenando XGBoost: Invalid classes inferred from unique values of `y`.  Expected: [0 1 2 3], got [1 2 3 4]
2025-02-18 14:59:47,633 - INFO - \U0001f535 Entrenando LightGBM...
2025-02-18 14:59:47,964 - INFO - \u2705 LightGBM guardado como `backend/models\LightGBM.pkl`
2025-02-18 14:59:47,964 - INFO - \U0001f535 Entrenando NaiveBayes...
2025-02-18 14:59:47,969 - INFO - \u2705 NaiveBayes guardado como `backend/models\NaiveBayes.pkl`
2025-02-18 14:59:47,969 - INFO - \u2705 Modelos entrenados correctamente.
2025-02-18 14:59:52,943 - INFO - \u2705 Gráfico de comparación de modelos generado correctamente.
2025-02-18 15:05:40,263 - INFO - \U0001f680 Iniciando el pipeline de procesamiento y entrenamiento...
2025-02-18 15:06:03,133 - INFO - \U0001f4c2 Archivo cargado correctamente: database/SRI_RUC_Esmeraldas.xlsx
2025-02-18 15:06:03,133 - INFO - \u2705 Datos cargados correctamente. Total registros: 219499
2025-02-18 15:06:03,133 - INFO - \u2705 Datos cargados correctamente. Total registros: 219499
2025-02-18 15:06:03,210 - INFO - \U0001f539 Iniciando limpieza de datos...
2025-02-18 15:06:09,795 - INFO - \u2705 Limpieza de datos completada correctamente.
2025-02-18 15:06:09,796 - INFO - \U0001f539 Calculando niveles de riesgo...
2025-02-18 15:06:09,822 - INFO - \u2705 Cálculo de niveles de riesgo completado.
2025-02-18 15:06:09,921 - WARNING - \u26a0\ufe0f Hay valores NaN en los datos después del preprocesamiento. Eliminando filas con NaN...
2025-02-18 15:06:10,248 - INFO - \u2705 Datos limpios guardados en: database/datos_procesados.csv
2025-02-18 15:06:10,253 - INFO - \u2705 Scaler guardado en: models/scaler.pkl
2025-02-18 15:06:10,253 - INFO - \U0001f535 Entrenando RandomForest...
2025-02-18 15:06:11,101 - INFO - \u2705 RandomForest guardado como `backend/models\RandomForest.pkl`
2025-02-18 15:06:11,101 - INFO - \U0001f535 Entrenando XGBoost...
2025-02-18 15:06:11,102 - ERROR - \u274c Error entrenando XGBoost: Invalid classes inferred from unique values of `y`.  Expected: [0 1 2 3], got [1 2 3 4]
2025-02-18 15:06:11,102 - INFO - \U0001f535 Entrenando LightGBM...
2025-02-18 15:06:11,423 - INFO - \u2705 LightGBM guardado como `backend/models\LightGBM.pkl`
2025-02-18 15:06:11,423 - INFO - \U0001f535 Entrenando NaiveBayes...
2025-02-18 15:06:11,426 - INFO - \u2705 NaiveBayes guardado como `backend/models\NaiveBayes.pkl`
2025-02-18 15:06:11,426 - INFO - \u2705 Modelos entrenados correctamente.
2025-02-18 15:06:15,896 - INFO - \u2705 Gráfico de comparación de modelos generado correctamente.
2025-02-18 15:10:12,406 - INFO - \U0001f680 Iniciando el pipeline de procesamiento y entrenamiento...
2025-02-18 15:10:34,523 - INFO - \U0001f4c2 Archivo cargado correctamente: database/SRI_RUC_Esmeraldas.xlsx
2025-02-18 15:10:34,524 - INFO - \u2705 Datos cargados correctamente. Total registros: 219499
2025-02-18 15:10:34,524 - INFO - \u2705 Datos cargados correctamente. Total registros: 219499
2025-02-18 15:10:34,599 - INFO - \U0001f539 Iniciando limpieza de datos...
2025-02-18 15:10:40,998 - INFO - \u2705 Limpieza de datos completada correctamente.
2025-02-18 15:10:40,998 - INFO - \U0001f539 Calculando niveles de riesgo...
2025-02-18 15:10:41,023 - INFO - \u2705 Cálculo de niveles de riesgo completado.
2025-02-18 15:10:41,122 - WARNING - \u26a0\ufe0f Hay valores NaN en los datos después del preprocesamiento. Eliminando filas con NaN...
2025-02-18 15:10:41,442 - INFO - \u2705 Datos limpios guardados en: database/datos_procesados.csv
2025-02-18 15:20:42,738 - INFO - \U0001f680 Iniciando el pipeline de procesamiento y entrenamiento...
2025-02-18 15:21:04,784 - INFO - \U0001f4c2 Archivo cargado correctamente: database/SRI_RUC_Esmeraldas.xlsx
2025-02-18 15:21:04,784 - INFO - \u2705 Datos cargados correctamente. Total registros: 219499
2025-02-18 15:21:04,784 - INFO - \u2705 Datos cargados correctamente. Total registros: 219499
2025-02-18 15:21:05,002 - INFO - \u2705 Datos preprocesados correctamente. Total registros: 219499
2025-02-18 15:21:05,043 - INFO - \u2705 Variable de riesgo añadida correctamente.
2025-02-18 15:21:05,141 - WARNING - \u26a0\ufe0f Hay valores NaN en los datos después del preprocesamiento. Eliminando filas con NaN...
2025-02-18 15:21:05,465 - INFO - \u2705 Datos limpios guardados en: database/datos_procesados.csv
2025-02-18 15:25:04,062 - INFO - \U0001f680 Iniciando el pipeline de procesamiento y entrenamiento...
2025-02-18 15:25:04,062 - ERROR - \u274c Carpeta de datos no encontrada: backend\database
2025-02-18 15:29:35,640 - INFO - \U0001f680 Iniciando el pipeline de procesamiento y entrenamiento...
2025-02-18 15:29:57,374 - INFO - \U0001f4c2 Archivo cargado correctamente: C:\Users\pc\Documents\proyecto_mineria\EvaluaRUC\backend\database\SRI_RUC_Esmeraldas.xlsx
2025-02-18 15:29:57,375 - INFO - \u2705 Datos cargados correctamente. Total registros: 219499
2025-02-18 15:29:57,562 - INFO - \u2705 Datos preprocesados correctamente. Total registros: 219499
2025-02-18 15:29:57,920 - INFO - \u2705 Datos limpios guardados en: C:\Users\pc\Documents\proyecto_mineria\EvaluaRUC\backend\database\datos_procesados.csv
2025-02-18 15:29:57,938 - INFO - \u2705 Scaler guardado en: C:\Users\pc\Documents\proyecto_mineria\EvaluaRUC\backend\models\scaler.pkl
2025-02-18 15:33:48,609 - INFO - \U0001f680 Iniciando el pipeline de procesamiento y entrenamiento...
2025-02-18 15:34:10,305 - INFO - \U0001f4c2 Archivo cargado correctamente: C:\Users\pc\Documents\proyecto_mineria\EvaluaRUC\backend\database\SRI_RUC_Esmeraldas.xlsx
2025-02-18 15:34:10,305 - INFO - \u2705 Datos cargados correctamente. Total registros: 219499
2025-02-18 15:34:10,504 - INFO - \u2705 Datos preprocesados correctamente. Total registros: 219499
2025-02-18 15:34:10,860 - INFO - \u2705 Datos limpios guardados en: C:\Users\pc\Documents\proyecto_mineria\EvaluaRUC\backend\database\datos_procesados.csv
2025-02-18 15:34:10,881 - INFO - \u2705 Scaler guardado en: C:\Users\pc\Documents\proyecto_mineria\EvaluaRUC\backend\models\scaler.pkl
2025-02-18 15:34:10,882 - INFO - \U0001f535 Iniciando entrenamiento de modelos...
2025-02-18 15:34:11,720 - ERROR - \u274c Error entrenando RandomForest: [Errno 2] No such file or directory: 'backend/models/RandomForest.pkl'
2025-02-18 15:34:11,723 - ERROR - \u274c Error entrenando NaiveBayes: [Errno 2] No such file or directory: 'backend/models/NaiveBayes.pkl'
2025-02-18 15:34:12,002 - ERROR - \u274c Error entrenando LightGBM: [Errno 2] No such file or directory: 'backend/models/LightGBM.pkl'
2025-02-18 15:34:12,002 - INFO - \u2705 Modelos entrenados correctamente.
2025-02-18 15:34:12,149 - INFO - \u2705 Gráfico de comparación de modelos generado correctamente.
2025-02-18 15:34:12,190 - ERROR - \u274c Formato incorrecto en métricas. Esperado: {modelo: {metrica: valor}}.
2025-02-18 15:37:51,157 - INFO - \U0001f680 Iniciando el pipeline de procesamiento y entrenamiento...
2025-02-18 15:38:12,926 - INFO - \U0001f4c2 Archivo cargado correctamente: C:\Users\pc\Documents\proyecto_mineria\EvaluaRUC\backend\database\SRI_RUC_Esmeraldas.xlsx
2025-02-18 15:38:12,927 - INFO - \u2705 Datos cargados correctamente. Total registros: 219499
2025-02-18 15:38:13,146 - INFO - \u2705 Datos preprocesados correctamente. Total registros: 219499
2025-02-18 15:38:13,508 - INFO - \u2705 Datos limpios guardados en: C:\Users\pc\Documents\proyecto_mineria\EvaluaRUC\backend\database\datos_procesados.csv
2025-02-18 15:38:13,528 - INFO - \u2705 Scaler guardado en: C:\Users\pc\Documents\proyecto_mineria\EvaluaRUC\backend\models\scaler.pkl
2025-02-18 15:38:13,528 - INFO - \U0001f535 Iniciando entrenamiento de modelos...
2025-02-18 15:56:24,910 - INFO - \U0001f680 Iniciando el pipeline de procesamiento y entrenamiento...
2025-02-18 15:56:46,803 - INFO - \U0001f4c2 Archivo cargado correctamente: C:\Users\pc\Documents\proyecto_mineria\EvaluaRUC\backend\database\SRI_RUC_Esmeraldas.xlsx
2025-02-18 15:56:46,803 - INFO - \u2705 Datos cargados correctamente. Total registros: 219499
2025-02-18 15:56:46,993 - INFO - \u2705 Datos preprocesados correctamente. Total registros: 219499
2025-02-18 15:56:47,348 - INFO - \u2705 Datos limpios guardados en: C:\Users\pc\Documents\proyecto_mineria\EvaluaRUC\backend\database\datos_procesados.csv
2025-02-18 15:56:47,367 - INFO - \u2705 Scaler guardado en: C:\Users\pc\Documents\proyecto_mineria\EvaluaRUC\backend\models\scaler.pkl
2025-02-18 15:56:47,367 - INFO - \U0001f535 Iniciando entrenamiento de modelos...
2025-02-18 16:09:13,719 - INFO - \U0001f680 Iniciando el pipeline de procesamiento y entrenamiento...
2025-02-18 16:09:35,757 - INFO - \U0001f4c2 Archivo cargado correctamente: database/SRI_RUC_Esmeraldas.xlsx
2025-02-18 16:09:55,187 - INFO - \u2705 RandomForest guardado como `models/RandomForest.pkl`
2025-02-18 16:09:55,208 - INFO - \u2705 NaiveBayes guardado como `models/NaiveBayes.pkl`
2025-02-18 16:09:56,349 - INFO - \u2705 LightGBM guardado como `models/LightGBM.pkl`
2025-02-18 16:09:56,349 - INFO - \u2705 Modelos entrenados correctamente.
2025-02-18 16:12:44,434 - INFO - \U0001f680 Iniciando el pipeline de procesamiento y entrenamiento...
2025-02-18 16:13:06,170 - INFO - \U0001f4c2 Archivo cargado correctamente: C:\Users\pc\Documents\proyecto_mineria\EvaluaRUC\backend\database\SRI_RUC_Esmeraldas.xlsx
2025-02-18 16:13:06,170 - INFO - \u2705 Datos cargados correctamente. Total registros: 219499
2025-02-18 16:13:08,022 - WARNING - \u26a0\ufe0f Hay valores NaN en los datos después del preprocesamiento. Eliminando filas con NaN...
2025-02-18 16:13:08,353 - INFO - \u2705 Datos limpios guardados en: C:\Users\pc\Documents\proyecto_mineria\EvaluaRUC\backend\database\datos_procesados.csv
2025-02-18 16:13:08,359 - INFO - \u2705 Scaler guardado en: C:\Users\pc\Documents\proyecto_mineria\EvaluaRUC\backend\models\scaler.pkl
2025-02-18 16:13:08,980 - INFO - \u2705 RandomForest guardado como `C:\Users\pc\Documents\proyecto_mineria\EvaluaRUC\backend\models\RandomForest.pkl`
2025-02-18 16:13:08,983 - INFO - \u2705 NaiveBayes guardado como `C:\Users\pc\Documents\proyecto_mineria\EvaluaRUC\backend\models\NaiveBayes.pkl`
2025-02-18 16:13:09,225 - INFO - \u2705 LightGBM guardado como `C:\Users\pc\Documents\proyecto_mineria\EvaluaRUC\backend\models\LightGBM.pkl`
2025-02-18 16:13:09,225 - INFO - \u2705 Modelos entrenados correctamente.
2025-02-18 16:15:12,988 - INFO - \U0001f680 Iniciando el pipeline de procesamiento y entrenamiento...
2025-02-18 16:15:35,328 - INFO - \U0001f4c2 Archivo cargado correctamente: C:\Users\pc\Documents\proyecto_mineria\EvaluaRUC\backend\database\SRI_RUC_Esmeraldas.xlsx
2025-02-18 16:15:35,329 - INFO - \u2705 Datos cargados correctamente. Total registros: 219499
2025-02-18 16:15:37,262 - WARNING - \u26a0\ufe0f Hay valores NaN en los datos después del preprocesamiento. Eliminando filas con NaN...
2025-02-18 16:15:37,585 - INFO - \u2705 Datos limpios guardados en: C:\Users\pc\Documents\proyecto_mineria\EvaluaRUC\backend\database\datos_procesados.csv
2025-02-18 16:15:37,590 - INFO - \u2705 Scaler guardado en: C:\Users\pc\Documents\proyecto_mineria\EvaluaRUC\backend\models\scaler.pkl
2025-02-18 16:15:38,484 - INFO - \u2705 Modelos entrenados correctamente.
2025-02-18 16:19:01,453 - INFO - \U0001f680 Iniciando el pipeline de procesamiento y entrenamiento...
2025-02-18 16:19:23,084 - INFO - \U0001f4c2 Archivo cargado correctamente: C:\Users\pc\Documents\proyecto_mineria\EvaluaRUC\backend\database\SRI_RUC_Esmeraldas.xlsx
2025-02-18 16:19:23,084 - INFO - \u2705 Datos cargados correctamente. Total registros: 219499
2025-02-18 16:19:24,914 - WARNING - \u26a0\ufe0f Hay valores NaN en los datos después del preprocesamiento. Eliminando filas con NaN...
2025-02-18 16:19:25,239 - INFO - \u2705 Datos limpios guardados en: C:\Users\pc\Documents\proyecto_mineria\EvaluaRUC\backend\database\datos_procesados.csv
2025-02-18 16:19:25,244 - INFO - \u2705 Scaler guardado en: C:\Users\pc\Documents\proyecto_mineria\EvaluaRUC\backend\models\scaler.pkl
2025-02-18 16:19:25,844 - INFO - \u2705 RandomForest guardado en `C:\Users\pc\Documents\proyecto_mineria\EvaluaRUC\backend\models\RandomForest.pkl`
2025-02-18 16:19:25,846 - INFO - \u2705 NaiveBayes guardado en `C:\Users\pc\Documents\proyecto_mineria\EvaluaRUC\backend\models\NaiveBayes.pkl`
2025-02-18 16:19:26,127 - INFO - \u2705 LightGBM guardado en `C:\Users\pc\Documents\proyecto_mineria\EvaluaRUC\backend\models\LightGBM.pkl`
2025-02-18 16:19:26,127 - INFO - \u2705 Modelos entrenados correctamente.
2025-02-18 16:22:17,498 - INFO - \U0001f680 Iniciando el pipeline de procesamiento y entrenamiento...
2025-02-18 16:22:39,150 - INFO - \U0001f4c2 Archivo cargado correctamente: database/SRI_RUC_Esmeraldas.xlsx
2025-02-18 16:22:39,150 - INFO - \u2705 Datos cargados correctamente. Total registros: 219499
2025-02-18 16:22:41,061 - WARNING - \u26a0\ufe0f Hay valores NaN en los datos después del preprocesamiento. Eliminando filas con NaN...
2025-02-18 16:22:41,389 - INFO - \u2705 Datos limpios guardados en: database/datos_procesados.csv
2025-02-18 16:22:41,395 - INFO - \u2705 Scaler guardado en: models/scaler.pkl
2025-02-18 16:22:42,001 - INFO - \u2705 RandomForest guardado en `models/RandomForest.pkl`
2025-02-18 16:22:42,003 - INFO - \u2705 NaiveBayes guardado en `models/NaiveBayes.pkl`
2025-02-18 16:22:42,267 - INFO - \u2705 LightGBM guardado en `models/LightGBM.pkl`
2025-02-18 16:22:42,267 - INFO - \u2705 Modelos entrenados correctamente.
2025-02-18 16:22:42,483 - INFO - \u2705 Gráfico de comparación de modelos generado correctamente.
2025-02-18 16:22:42,511 - ERROR - \u274c Formato incorrecto en métricas. Esperado: {modelo: {metrica: valor}}.
2025-02-18 16:28:54,338 - INFO - \U0001f680 Iniciando el pipeline de procesamiento y entrenamiento...
2025-02-18 16:29:16,337 - INFO - \U0001f4c2 Archivo cargado correctamente: database\SRI_RUC_Esmeraldas.xlsx
2025-02-18 16:29:16,337 - INFO - \u2705 Datos cargados correctamente. Total registros: 219499
2025-02-18 16:29:18,122 - WARNING - \u26a0\ufe0f Hay valores NaN en los datos después del preprocesamiento. Eliminando filas con NaN...
2025-02-18 16:29:18,450 - INFO - \u2705 Datos limpios guardados en: database\datos_procesados.csv
2025-02-18 16:29:18,455 - INFO - \u2705 Scaler guardado en: models\scaler.pkl
2025-02-18 16:29:18,456 - INFO - \U0001f535 Entrenando RandomForest...
2025-02-18 16:29:19,058 - INFO - \u2705 RandomForest guardado en `models\RandomForest.pkl`
2025-02-18 16:29:19,058 - INFO - \U0001f535 Entrenando NaiveBayes...
2025-02-18 16:29:19,060 - INFO - \u2705 NaiveBayes guardado en `models\NaiveBayes.pkl`
2025-02-18 16:29:19,060 - INFO - \U0001f535 Entrenando LightGBM...
2025-02-18 16:29:19,318 - INFO - \u2705 LightGBM guardado en `models\LightGBM.pkl`
2025-02-18 16:29:19,342 - INFO - \u2705 Evaluación completada. Métricas: {'accuracy': 0.9944579147904399, 'precision': 0.9945029524500079, 'recall': 0.9944579147904399, 'f1_score': 0.9944569899216139}
2025-02-18 16:29:19,347 - INFO - \u2705 Evaluación completada. Métricas: {'accuracy': 0.9134049186006234, 'precision': 0.916724045666564, 'recall': 0.9134049186006234, 'f1_score': 0.9137530082925704}
2025-02-18 16:29:19,361 - INFO - \u2705 Evaluación completada. Métricas: {'accuracy': 0.9899549705576723, 'precision': 0.9900275876981387, 'recall': 0.9899549705576723, 'f1_score': 0.9899568254356134}
2025-02-18 16:29:19,369 - INFO - \U0001f3c6 Mejor modelo seleccionado: RandomForest con 0.99 de precisión
2025-02-18 16:29:19,369 - INFO - \U0001f3c6 Mejor modelo seleccionado: RandomForest
2025-02-18 16:33:00,881 - INFO - \U0001f680 Iniciando el pipeline de procesamiento y entrenamiento...
2025-02-18 16:33:22,978 - INFO - \U0001f4c2 Archivo cargado correctamente: database\SRI_RUC_Esmeraldas.xlsx
2025-02-18 16:33:22,978 - INFO - \u2705 Datos cargados correctamente. Total registros: 219499
2025-02-18 16:33:27,584 - INFO - \u2705 Datos limpios guardados en: database\datos_procesados.csv
2025-02-18 16:33:27,612 - INFO - \U0001f535 Entrenando RandomForest...
2025-02-18 16:33:40,963 - INFO - \u2705 RandomForest guardado en `models\RandomForest.pkl`
2025-02-18 16:33:40,963 - INFO - \U0001f535 Entrenando NaiveBayes...
2025-02-18 16:33:40,979 - INFO - \u2705 NaiveBayes guardado en `models\NaiveBayes.pkl`
2025-02-18 16:33:40,979 - INFO - \U0001f535 Entrenando LightGBM...
2025-02-18 16:33:41,865 - INFO - \u2705 LightGBM guardado en `models\LightGBM.pkl`
2025-02-18 16:33:42,237 - INFO - \u2705 Evaluación completada. Métricas: {'accuracy': 0.9747152619589977, 'precision': 0.9753538502372341, 'recall': 0.9747152619589977, 'f1_score': 0.9747845588380392}
2025-02-18 16:33:42,252 - INFO - \u2705 Evaluación completada. Métricas: {'accuracy': 0.932004555808656, 'precision': 0.9337770699808162, 'recall': 0.932004555808656, 'f1_score': 0.9319299102945372}
2025-02-18 16:33:42,349 - INFO - \u2705 Evaluación completada. Métricas: {'accuracy': 0.9680865603644647, 'precision': 0.9701192665405409, 'recall': 0.9680865603644647, 'f1_score': 0.9681884149903653}
2025-02-18 16:33:42,356 - INFO - \U0001f3c6 Mejor modelo seleccionado: RandomForest con 0.97 de precisión
2025-02-18 16:33:42,621 - INFO - \u2705 Gráfico de comparación de modelos generado correctamente.
2025-02-18 16:35:56,917 - INFO - \U0001f680 Iniciando el pipeline de procesamiento y entrenamiento...
2025-02-18 16:36:20,227 - INFO - \U0001f4c2 Archivo cargado correctamente: database\SRI_RUC_Esmeraldas.xlsx
2025-02-18 16:36:20,227 - INFO - \u2705 Datos cargados correctamente. Total registros: 219499
2025-02-18 16:36:24,985 - INFO - \u2705 Datos limpios guardados en: database\datos_procesados.csv
2025-02-18 16:36:25,022 - INFO - \U0001f535 Entrenando RandomForest...
2025-02-18 16:36:37,362 - INFO - \u2705 RandomForest guardado en `models\RandomForest.pkl`
2025-02-18 16:36:37,362 - INFO - \U0001f535 Entrenando NaiveBayes...
2025-02-18 16:36:37,385 - INFO - \u2705 NaiveBayes guardado en `models\NaiveBayes.pkl`
2025-02-18 16:36:37,385 - INFO - \U0001f535 Entrenando LightGBM...
2025-02-18 16:36:38,332 - INFO - \u2705 LightGBM guardado en `models\LightGBM.pkl`
2025-02-18 16:36:38,737 - INFO - \u2705 Evaluación completada. Métricas: {'accuracy': 0.9746469248291572, 'precision': 0.9752948682080542, 'recall': 0.9746469248291572, 'f1_score': 0.9747169196335083}
2025-02-18 16:36:38,753 - INFO - \u2705 Evaluación completada. Métricas: {'accuracy': 0.932004555808656, 'precision': 0.9337770699808162, 'recall': 0.932004555808656, 'f1_score': 0.9319299102945372}
2025-02-18 16:36:38,853 - INFO - \u2705 Evaluación completada. Métricas: {'accuracy': 0.9681093394077449, 'precision': 0.9701270671295574, 'recall': 0.9681093394077449, 'f1_score': 0.9682136835107772}
2025-02-18 16:36:38,867 - INFO - \U0001f3c6 Mejor modelo seleccionado: RandomForest con 0.97 de precisión
2025-02-18 16:38:16,222 - INFO - \U0001f680 Iniciando el pipeline de procesamiento y entrenamiento...
2025-02-18 16:38:38,042 - INFO - \U0001f4c2 Archivo cargado correctamente: database\SRI_RUC_Esmeraldas.xlsx
2025-02-18 16:38:38,042 - INFO - \u2705 Datos cargados correctamente. Total registros: 219499
2025-02-18 16:38:42,358 - INFO - \u2705 Datos limpios guardados en: database\datos_procesados.csv
2025-02-18 16:38:42,382 - INFO - \U0001f535 Entrenando RandomForest...
2025-02-18 16:38:53,538 - INFO - \u2705 RandomForest guardado en `models\RandomForest.pkl`
2025-02-18 16:38:53,539 - INFO - \U0001f535 Entrenando NaiveBayes...
2025-02-18 16:38:53,554 - INFO - \u2705 NaiveBayes guardado en `models\NaiveBayes.pkl`
2025-02-18 16:38:53,554 - INFO - \U0001f535 Entrenando LightGBM...
2025-02-18 16:38:54,353 - INFO - \u2705 LightGBM guardado en `models\LightGBM.pkl`
2025-02-18 16:38:54,729 - INFO - \u2705 Evaluación completada. Métricas: {'accuracy': 0.9747380410022779, 'precision': 0.9753902073921609, 'recall': 0.9747380410022779, 'f1_score': 0.9748084148794864}
2025-02-18 16:38:54,743 - INFO - \u2705 Evaluación completada. Métricas: {'accuracy': 0.932004555808656, 'precision': 0.9337770699808162, 'recall': 0.932004555808656, 'f1_score': 0.9319299102945372}
2025-02-18 16:38:54,898 - INFO - \u2705 Evaluación completada. Métricas: {'accuracy': 0.9682232346241458, 'precision': 0.9702593158508428, 'recall': 0.9682232346241458, 'f1_score': 0.9683274392805434}
2025-02-18 16:38:54,906 - INFO - \U0001f3c6 Mejor modelo seleccionado: RandomForest con 0.97 de precisión
2025-02-18 16:45:07,285 - INFO - \U0001f680 Iniciando el pipeline de procesamiento y entrenamiento...
2025-02-18 16:45:30,470 - INFO - \U0001f4c2 Archivo cargado correctamente: C:\Users\pc\Documents\proyecto_mineria\EvaluaRUC\backend\database\SRI_RUC_Esmeraldas.xlsx
2025-02-18 16:45:30,470 - INFO - \u2705 Datos cargados correctamente. Total registros: 219499
2025-02-18 16:45:32,454 - WARNING - \u26a0\ufe0f Hay valores NaN en los datos después del preprocesamiento. Eliminando filas con NaN...
2025-02-18 16:45:32,793 - INFO - \u2705 Datos limpios guardados en: C:\Users\pc\Documents\proyecto_mineria\EvaluaRUC\backend\database\datos_procesados.csv
2025-02-18 16:45:32,799 - INFO - \u2705 Scaler guardado en: C:\Users\pc\Documents\proyecto_mineria\EvaluaRUC\backend\models\scaler.pkl
2025-02-18 16:45:32,800 - INFO - \U0001f535 Entrenando RandomForest...
2025-02-18 16:45:33,493 - INFO - \u2705 RandomForest guardado en `C:\Users\pc\Documents\proyecto_mineria\EvaluaRUC\backend\models\RandomForest.pkl`
2025-02-18 16:45:33,493 - INFO - \U0001f535 Entrenando NaiveBayes...
2025-02-18 16:45:33,497 - INFO - \u2705 NaiveBayes guardado en `C:\Users\pc\Documents\proyecto_mineria\EvaluaRUC\backend\models\NaiveBayes.pkl`
2025-02-18 16:45:33,497 - INFO - \U0001f535 Entrenando LightGBM...
2025-02-18 16:45:33,789 - INFO - \u2705 LightGBM guardado en `C:\Users\pc\Documents\proyecto_mineria\EvaluaRUC\backend\models\LightGBM.pkl`
2025-02-18 16:45:33,790 - INFO - \u2705 Modelos entrenados correctamente.
2025-02-18 16:48:09,611 - INFO - \U0001f680 Iniciando el pipeline de procesamiento y entrenamiento...
2025-02-18 16:48:32,678 - INFO - \U0001f4c2 Archivo cargado correctamente: C:\Users\pc\Documents\proyecto_mineria\EvaluaRUC\backend\database\SRI_RUC_Esmeraldas.xlsx
2025-02-18 16:48:32,678 - INFO - \u2705 Datos cargados correctamente. Total registros: 219499
2025-02-18 16:48:36,988 - INFO - \u2705 Datos limpios guardados en: C:\Users\pc\Documents\proyecto_mineria\EvaluaRUC\backend\database\datos_procesados.csv
2025-02-18 16:48:37,018 - INFO - \U0001f535 Entrenando RandomForest...
2025-02-18 16:48:48,087 - INFO - \u2705 RandomForest guardado en `C:\Users\pc\Documents\proyecto_mineria\EvaluaRUC\backend\models\RandomForest.pkl`
2025-02-18 16:48:48,087 - INFO - \U0001f535 Entrenando NaiveBayes...
2025-02-18 16:48:48,103 - INFO - \u2705 NaiveBayes guardado en `C:\Users\pc\Documents\proyecto_mineria\EvaluaRUC\backend\models\NaiveBayes.pkl`
2025-02-18 16:48:48,103 - INFO - \U0001f535 Entrenando LightGBM...
2025-02-18 16:48:48,976 - INFO - \u2705 LightGBM guardado en `C:\Users\pc\Documents\proyecto_mineria\EvaluaRUC\backend\models\LightGBM.pkl`
2025-02-18 16:48:49,357 - INFO - \u2705 Evaluación completada. Métricas: {'accuracy': 0.9748519362186788, 'precision': 0.9755022604660385, 'recall': 0.9748519362186788, 'f1_score': 0.9749217745315446}
2025-02-18 16:48:49,371 - INFO - \u2705 Evaluación completada. Métricas: {'accuracy': 0.932004555808656, 'precision': 0.9337770699808162, 'recall': 0.932004555808656, 'f1_score': 0.9319299102945372}
2025-02-18 16:48:49,467 - INFO - \u2705 Evaluación completada. Métricas: {'accuracy': 0.9682687927107062, 'precision': 0.9702950133082896, 'recall': 0.9682687927107062, 'f1_score': 0.9683713602370767}
2025-02-18 16:48:49,473 - INFO - \U0001f3c6 Mejor modelo seleccionado: RandomForest con 0.97 de precisión
2025-02-18 16:53:01,152 - WARNING - You are saving your model as an HDF5 file via `model.save()` or `keras.saving.save_model(model)`. This file format is considered legacy. We recommend using instead the native Keras format, e.g. `model.save('my_model.keras')` or `keras.saving.save_model(model, 'my_model.keras')`. 
2025-02-18 16:53:01,191 - INFO - \u2705 Red Neuronal guardada en: C:\Users\pc\Documents\proyecto_mineria\EvaluaRUC\backend\models\neural_network.h5
2025-02-18 16:59:39,438 - INFO - \U0001f680 Iniciando el pipeline de procesamiento y entrenamiento...
2025-02-18 17:00:00,837 - INFO - \U0001f4c2 Archivo cargado correctamente: C:\Users\pc\Documents\proyecto_mineria\EvaluaRUC\backend\database\SRI_RUC_Esmeraldas.xlsx
2025-02-18 17:00:00,838 - INFO - \u2705 Datos cargados correctamente. Total registros: 219499
2025-02-18 17:00:05,111 - INFO - \u2705 Datos limpios guardados en: C:\Users\pc\Documents\proyecto_mineria\EvaluaRUC\backend\database\datos_procesados.csv
2025-02-18 17:00:05,136 - INFO - \U0001f535 Entrenando RandomForest...
2025-02-18 17:00:16,001 - INFO - \u2705 RandomForest guardado en `C:\Users\pc\Documents\proyecto_mineria\EvaluaRUC\backend\models\RandomForest.pkl`
2025-02-18 17:00:16,001 - INFO - \U0001f535 Entrenando NaiveBayes...
2025-02-18 17:00:16,017 - INFO - \u2705 NaiveBayes guardado en `C:\Users\pc\Documents\proyecto_mineria\EvaluaRUC\backend\models\NaiveBayes.pkl`
2025-02-18 17:00:16,017 - INFO - \U0001f535 Entrenando LightGBM...
2025-02-18 17:00:16,857 - INFO - \u2705 LightGBM guardado en `C:\Users\pc\Documents\proyecto_mineria\EvaluaRUC\backend\models\LightGBM.pkl`
2025-02-18 17:00:17,246 - INFO - \u2705 Evaluación completada. Métricas: {'accuracy': 0.9746924829157175, 'precision': 0.9753408560411653, 'recall': 0.9746924829157175, 'f1_score': 0.9747614228043306}
2025-02-18 17:00:17,261 - INFO - \u2705 Evaluación completada. Métricas: {'accuracy': 0.932004555808656, 'precision': 0.9337770699808162, 'recall': 0.932004555808656, 'f1_score': 0.9319299102945372}
2025-02-18 17:00:17,357 - INFO - \u2705 Evaluación completada. Métricas: {'accuracy': 0.9680865603644647, 'precision': 0.9701065569527544, 'recall': 0.9680865603644647, 'f1_score': 0.9681898642066011}
2025-02-18 17:00:17,362 - INFO - \U0001f3c6 Mejor modelo seleccionado: RandomForest con 0.97 de precisión
2025-02-18 17:04:23,447 - WARNING - You are saving your model as an HDF5 file via `model.save()` or `keras.saving.save_model(model)`. This file format is considered legacy. We recommend using instead the native Keras format, e.g. `model.save('my_model.keras')` or `keras.saving.save_model(model, 'my_model.keras')`. 
2025-02-18 17:04:23,465 - INFO - \u2705 Red Neuronal guardada en: C:\Users\pc\Documents\proyecto_mineria\EvaluaRUC\backend\models\neural_network.h5
2025-02-18 17:04:24,515 - WARNING - Compiled the loaded model, but the compiled metrics have yet to be built. `model.compile_metrics` will be empty until you train or evaluate the model.
2025-02-18 17:34:36,034 - INFO - \U0001f680 Iniciando el pipeline de procesamiento y entrenamiento...
2025-02-18 17:34:57,654 - INFO - \U0001f4c2 Archivo cargado correctamente: C:\Users\pc\Documents\proyecto_mineria\EvaluaRUC\backend\database\SRI_RUC_Esmeraldas.xlsx
2025-02-18 17:34:57,654 - INFO - \u2705 Datos cargados correctamente. Total registros: 219499
2025-02-18 17:35:03,472 - INFO - \u2705 Datos limpios guardados en: C:\Users\pc\Documents\proyecto_mineria\EvaluaRUC\backend\database\datos_procesados.csv
2025-02-18 17:35:03,500 - INFO - \U0001f535 Entrenando RandomForest...
2025-02-18 17:35:15,307 - INFO - \u2705 RandomForest guardado en `C:\Users\pc\Documents\proyecto_mineria\EvaluaRUC\backend\models\RandomForest.pkl`
2025-02-18 17:35:15,307 - INFO - \U0001f535 Entrenando NaiveBayes...
2025-02-18 17:35:15,336 - INFO - \u2705 NaiveBayes guardado en `C:\Users\pc\Documents\proyecto_mineria\EvaluaRUC\backend\models\NaiveBayes.pkl`
2025-02-18 17:35:15,337 - INFO - \U0001f535 Entrenando LightGBM...
2025-02-18 17:35:16,427 - INFO - \u2705 LightGBM guardado en `C:\Users\pc\Documents\proyecto_mineria\EvaluaRUC\backend\models\LightGBM.pkl`
2025-02-18 17:35:16,819 - INFO - \u2705 Evaluación completada. Métricas: {'accuracy': 0.9798633257403189, 'precision': 0.9770797286996971, 'recall': 0.9798633257403189, 'f1_score': 0.9774675042601574}
2025-02-18 17:35:16,856 - INFO - \u2705 Evaluación completada. Métricas: {'accuracy': 0.9020956719817768, 'precision': 0.9159173435411186, 'recall': 0.9020956719817768, 'f1_score': 0.904815286855688}
2025-02-18 17:35:17,035 - INFO - \u2705 Evaluación completada. Métricas: {'accuracy': 0.9758997722095673, 'precision': 0.9718926651115488, 'recall': 0.9758997722095673, 'f1_score': 0.9690879165852583}
2025-02-18 17:35:17,040 - INFO - \U0001f3c6 Mejor modelo seleccionado: RandomForest con 0.98 de precisión
2025-02-18 17:38:40,304 - INFO - \U0001f680 Iniciando el pipeline de procesamiento y entrenamiento...
2025-02-18 17:39:01,866 - INFO - \U0001f4c2 Archivo cargado correctamente: C:\Users\pc\Documents\proyecto_mineria\EvaluaRUC\backend\database\SRI_RUC_Esmeraldas.xlsx
2025-02-18 17:39:01,866 - INFO - \u2705 Datos cargados correctamente. Total registros: 219499
2025-02-18 17:39:07,577 - INFO - \u2705 Datos limpios guardados en: C:\Users\pc\Documents\proyecto_mineria\EvaluaRUC\backend\database\datos_procesados.csv
2025-02-18 17:39:07,605 - INFO - \U0001f535 Entrenando RandomForest...
2025-02-18 17:39:19,273 - INFO - \u2705 RandomForest guardado en `C:\Users\pc\Documents\proyecto_mineria\EvaluaRUC\backend\models\RandomForest.pkl`
2025-02-18 17:39:19,273 - INFO - \U0001f535 Entrenando NaiveBayes...
2025-02-18 17:39:19,296 - INFO - \u2705 NaiveBayes guardado en `C:\Users\pc\Documents\proyecto_mineria\EvaluaRUC\backend\models\NaiveBayes.pkl`
2025-02-18 17:39:19,296 - INFO - \U0001f535 Entrenando LightGBM...
2025-02-18 17:39:20,350 - INFO - \u2705 LightGBM guardado en `C:\Users\pc\Documents\proyecto_mineria\EvaluaRUC\backend\models\LightGBM.pkl`
2025-02-18 17:39:20,740 - INFO - \u2705 Evaluación completada. Métricas: {'accuracy': 0.9797722095671981, 'precision': 0.9769499146429915, 'recall': 0.9797722095671981, 'f1_score': 0.9773858194449542}
2025-02-18 17:39:20,795 - INFO - \u2705 Evaluación completada. Métricas: {'accuracy': 0.9020956719817768, 'precision': 0.9159173435411186, 'recall': 0.9020956719817768, 'f1_score': 0.904815286855688}
2025-02-18 17:39:20,985 - INFO - \u2705 Evaluación completada. Métricas: {'accuracy': 0.9758997722095673, 'precision': 0.9718926651115488, 'recall': 0.9758997722095673, 'f1_score': 0.9690879165852583}
2025-02-18 17:39:20,990 - INFO - \U0001f3c6 Mejor modelo seleccionado: RandomForest con 0.98 de precisión
2025-02-18 17:44:08,123 - INFO - \U0001f680 Iniciando el pipeline de procesamiento y entrenamiento...
2025-02-18 17:44:29,753 - INFO - \U0001f4c2 Archivo cargado correctamente: C:\Users\pc\Documents\proyecto_mineria\EvaluaRUC\backend\database\SRI_RUC_Esmeraldas.xlsx
2025-02-18 17:44:29,754 - INFO - \u2705 Datos cargados correctamente. Total registros: 219499
2025-02-18 17:44:35,523 - INFO - \u2705 Datos limpios guardados en: C:\Users\pc\Documents\proyecto_mineria\EvaluaRUC\backend\database\datos_procesados.csv
2025-02-18 17:44:35,550 - INFO - \U0001f535 Entrenando RandomForest...
2025-02-18 17:44:46,985 - INFO - \u2705 RandomForest guardado en `C:\Users\pc\Documents\proyecto_mineria\EvaluaRUC\backend\models\RandomForest.pkl`
2025-02-18 17:44:46,985 - INFO - \U0001f535 Entrenando NaiveBayes...
2025-02-18 17:44:47,009 - INFO - \u2705 NaiveBayes guardado en `C:\Users\pc\Documents\proyecto_mineria\EvaluaRUC\backend\models\NaiveBayes.pkl`
2025-02-18 17:44:47,009 - INFO - \U0001f535 Entrenando LightGBM...
2025-02-18 17:44:48,051 - INFO - \u2705 LightGBM guardado en `C:\Users\pc\Documents\proyecto_mineria\EvaluaRUC\backend\models\LightGBM.pkl`
2025-02-18 17:44:48,429 - INFO - \u2705 Evaluación completada. Métricas: {'accuracy': 0.9799316628701594, 'precision': 0.9771680164178539, 'recall': 0.9799316628701594, 'f1_score': 0.9775725444372994}
2025-02-18 17:44:48,466 - INFO - \u2705 Evaluación completada. Métricas: {'accuracy': 0.9020728929384966, 'precision': 0.9159032690979066, 'recall': 0.9020728929384966, 'f1_score': 0.9047939126394033}
2025-02-18 17:44:48,628 - INFO - \u2705 Evaluación completada. Métricas: {'accuracy': 0.9759225512528473, 'precision': 0.9718191717897433, 'recall': 0.9759225512528473, 'f1_score': 0.9693565756310698}
2025-02-18 17:44:48,634 - INFO - \U0001f3c6 Mejor modelo seleccionado: RandomForest con 0.98 de precisión
2025-02-18 17:48:53,669 - WARNING - You are saving your model as an HDF5 file via `model.save()` or `keras.saving.save_model(model)`. This file format is considered legacy. We recommend using instead the native Keras format, e.g. `model.save('my_model.keras')` or `keras.saving.save_model(model, 'my_model.keras')`. 
2025-02-18 17:48:53,692 - INFO - \u2705 Red Neuronal guardada en: C:\Users\pc\Documents\proyecto_mineria\EvaluaRUC\backend\models\neural_network.h5
2025-02-18 17:48:54,665 - WARNING - Compiled the loaded model, but the compiled metrics have yet to be built. `model.compile_metrics` will be empty until you train or evaluate the model.
2025-02-18 18:35:04,589 - INFO - \U0001f680 Iniciando el pipeline de procesamiento y entrenamiento...
2025-02-18 18:35:26,181 - INFO - \U0001f4c2 Archivo cargado correctamente: C:\Users\pc\Documents\proyecto_mineria\EvaluaRUC\backend\database\SRI_RUC_Esmeraldas.xlsx
2025-02-18 18:35:26,181 - INFO - \u2705 Datos cargados correctamente. Total registros: 219499
2025-02-18 18:35:31,945 - INFO - \u2705 Datos limpios guardados en: C:\Users\pc\Documents\proyecto_mineria\EvaluaRUC\backend\database\datos_procesados.csv
2025-02-18 18:35:31,970 - INFO - \U0001f535 Entrenando RandomForest...
2025-02-18 18:35:41,162 - INFO - \u2705 RandomForest guardado en `C:\Users\pc\Documents\proyecto_mineria\EvaluaRUC\backend\models\RandomForest.pkl`
2025-02-18 18:35:41,163 - INFO - \U0001f535 Entrenando NaiveBayes...
2025-02-18 18:35:41,181 - INFO - \u2705 NaiveBayes guardado en `C:\Users\pc\Documents\proyecto_mineria\EvaluaRUC\backend\models\NaiveBayes.pkl`
2025-02-18 18:35:41,181 - INFO - \U0001f535 Entrenando LightGBM...
2025-02-18 18:35:42,279 - INFO - \u2705 LightGBM guardado en `C:\Users\pc\Documents\proyecto_mineria\EvaluaRUC\backend\models\LightGBM.pkl`
2025-02-18 18:35:42,550 - INFO - \u2705 Evaluación completada. Métricas: {'accuracy': 0.9962186788154898, 'precision': 0.9962241907178002, 'recall': 0.9962186788154898, 'f1_score': 0.9962198174690966}
2025-02-18 18:35:42,575 - INFO - \u2705 Evaluación completada. Métricas: {'accuracy': 0.7889066059225512, 'precision': 0.7962427692324623, 'recall': 0.7889066059225512, 'f1_score': 0.7875896361523279}
2025-02-18 18:35:42,720 - INFO - \u2705 Evaluación completada. Métricas: {'accuracy': 0.9943963553530751, 'precision': 0.9944065845822808, 'recall': 0.9943963553530751, 'f1_score': 0.9943963904714012}
2025-02-18 18:35:42,726 - INFO - \U0001f3c6 Mejor modelo seleccionado: RandomForest con 1.00 de precisión
2025-02-18 18:39:57,000 - WARNING - You are saving your model as an HDF5 file via `model.save()` or `keras.saving.save_model(model)`. This file format is considered legacy. We recommend using instead the native Keras format, e.g. `model.save('my_model.keras')` or `keras.saving.save_model(model, 'my_model.keras')`. 
2025-02-18 18:39:57,035 - INFO - \u2705 Red Neuronal guardada en: C:\Users\pc\Documents\proyecto_mineria\EvaluaRUC\backend\models\neural_network.h5
2025-02-18 18:39:58,054 - WARNING - Compiled the loaded model, but the compiled metrics have yet to be built. `model.compile_metrics` will be empty until you train or evaluate the model.
2025-02-18 21:20:11,654 - INFO - \U0001f680 Iniciando el pipeline de procesamiento y entrenamiento...
2025-02-18 21:20:32,373 - INFO - \U0001f4c2 Archivo cargado correctamente: C:\Users\pc\Documents\proyecto_mineria\EvaluaRUC\backend\database\SRI_RUC_Esmeraldas.xlsx
2025-02-18 21:20:32,373 - INFO - \u2705 Datos cargados correctamente. Total registros: 219499
2025-02-18 21:45:12,456 - INFO - \U0001f680 Iniciando el pipeline de procesamiento y entrenamiento...
2025-02-18 21:45:34,308 - INFO - \U0001f4c2 Archivo cargado correctamente: C:\Users\pc\Documents\proyecto_mineria\EvaluaRUC\backend\database\SRI_RUC_Esmeraldas.xlsx
2025-02-18 21:45:34,309 - INFO - \u2705 Datos cargados correctamente. Total registros: 219499
2025-02-18 21:47:28,481 - INFO - \U0001f680 Iniciando el pipeline de procesamiento y entrenamiento...
2025-02-18 21:47:50,290 - INFO - \U0001f4c2 Archivo cargado correctamente: C:\Users\pc\Documents\proyecto_mineria\EvaluaRUC\backend\database\SRI_RUC_Esmeraldas.xlsx
2025-02-18 21:47:50,292 - INFO - \u2705 Datos cargados correctamente. Total registros: 219499
2025-02-18 21:53:51,805 - INFO - \U0001f680 Iniciando el pipeline de procesamiento y entrenamiento...
2025-02-18 21:54:13,344 - INFO - \U0001f4c2 Archivo cargado correctamente: C:\Users\pc\Documents\proyecto_mineria\EvaluaRUC\backend\database\SRI_RUC_Esmeraldas.xlsx
2025-02-18 21:54:13,344 - INFO - \u2705 Datos cargados correctamente. Total registros: 219499
2025-02-18 21:54:18,967 - INFO - \u2705 Datos limpios guardados en: C:\Users\pc\Documents\proyecto_mineria\EvaluaRUC\backend\database\datos_procesados.csv
2025-02-18 21:54:18,999 - INFO - \U0001f535 Entrenando RandomForest...
2025-02-18 21:54:27,434 - INFO - \u2705 RandomForest guardado en `C:\Users\pc\Documents\proyecto_mineria\EvaluaRUC\backend\models\RandomForest.pkl`
2025-02-18 21:54:27,434 - INFO - \U0001f535 Entrenando NaiveBayes...
2025-02-18 21:54:27,452 - INFO - \u2705 NaiveBayes guardado en `C:\Users\pc\Documents\proyecto_mineria\EvaluaRUC\backend\models\NaiveBayes.pkl`
2025-02-18 21:54:27,452 - INFO - \U0001f535 Entrenando LightGBM...
2025-02-18 21:54:28,617 - INFO - \u2705 LightGBM guardado en `C:\Users\pc\Documents\proyecto_mineria\EvaluaRUC\backend\models\LightGBM.pkl`
2025-02-18 21:54:28,860 - INFO - \u2705 Evaluación completada. Métricas: {'accuracy': 0.9985876993166287, 'precision': 0.9985863831012474, 'recall': 0.9985876993166287, 'f1_score': 0.9985850120683706}
2025-02-18 21:54:28,877 - INFO - \u2705 Evaluación completada. Métricas: {'accuracy': 0.8915945330296128, 'precision': 0.8921240827513612, 'recall': 0.8915945330296128, 'f1_score': 0.8908781746323068}
2025-02-18 21:54:29,032 - INFO - \u2705 Evaluación completada. Métricas: {'accuracy': 0.9969248291571754, 'precision': 0.996923387469754, 'recall': 0.9969248291571754, 'f1_score': 0.9969227756348931}
2025-02-18 21:54:29,039 - INFO - \U0001f3c6 Mejor modelo seleccionado: RandomForest con 1.00 de precisión
2025-02-18 21:58:35,684 - WARNING - You are saving your model as an HDF5 file via `model.save()` or `keras.saving.save_model(model)`. This file format is considered legacy. We recommend using instead the native Keras format, e.g. `model.save('my_model.keras')` or `keras.saving.save_model(model, 'my_model.keras')`. 
2025-02-18 21:58:35,717 - INFO - \u2705 Red Neuronal guardada en: C:\Users\pc\Documents\proyecto_mineria\EvaluaRUC\backend\models\neural_network.h5
2025-02-18 21:58:36,893 - WARNING - Compiled the loaded model, but the compiled metrics have yet to be built. `model.compile_metrics` will be empty until you train or evaluate the model.
2025-02-18 22:07:18,748 - INFO - \U0001f680 Iniciando el pipeline de procesamiento y entrenamiento...
2025-02-18 22:07:40,398 - INFO - \U0001f4c2 Archivo cargado correctamente: C:\Users\pc\Documents\proyecto_mineria\EvaluaRUC\backend\database\SRI_RUC_Esmeraldas.xlsx
2025-02-18 22:07:40,398 - INFO - \u2705 Datos cargados correctamente. Total registros: 219499
2025-02-18 22:07:40,398 - INFO - \U0001f539 Iniciando limpieza de datos...
2025-02-18 22:07:46,663 - INFO - \u2705 Limpieza de datos completada correctamente.
2025-02-18 22:07:52,015 - INFO - \u2705 Datos limpios guardados en: C:\Users\pc\Documents\proyecto_mineria\EvaluaRUC\backend\database\datos_procesados.csv
2025-02-18 22:07:52,045 - INFO - \U0001f535 Entrenando RandomForest...
2025-02-18 22:08:01,260 - INFO - \u2705 RandomForest guardado en `C:\Users\pc\Documents\proyecto_mineria\EvaluaRUC\backend\models\RandomForest.pkl`
2025-02-18 22:08:01,260 - INFO - \U0001f535 Entrenando NaiveBayes...
2025-02-18 22:08:01,280 - INFO - \u2705 NaiveBayes guardado en `C:\Users\pc\Documents\proyecto_mineria\EvaluaRUC\backend\models\NaiveBayes.pkl`
2025-02-18 22:08:01,280 - INFO - \U0001f535 Entrenando LightGBM...
2025-02-18 22:08:02,409 - INFO - \u2705 LightGBM guardado en `C:\Users\pc\Documents\proyecto_mineria\EvaluaRUC\backend\models\LightGBM.pkl`
2025-02-18 22:08:02,677 - INFO - \u2705 Evaluación completada. Métricas: {'accuracy': 0.9945785876993166, 'precision': 0.9945711091011877, 'recall': 0.9945785876993166, 'f1_score': 0.9945700706974685}
2025-02-18 22:08:02,701 - INFO - \u2705 Evaluación completada. Métricas: {'accuracy': 0.8469703872437357, 'precision': 0.8469982853198758, 'recall': 0.8469703872437357, 'f1_score': 0.8464563335940525}
2025-02-18 22:08:02,865 - INFO - \u2705 Evaluación completada. Métricas: {'accuracy': 0.9924373576309795, 'precision': 0.992430866529005, 'recall': 0.9924373576309795, 'f1_score': 0.9924256789011597}
2025-02-18 22:08:02,870 - INFO - \U0001f3c6 Mejor modelo seleccionado: RandomForest con 0.99 de precisión
2025-02-18 22:12:19,839 - WARNING - You are saving your model as an HDF5 file via `model.save()` or `keras.saving.save_model(model)`. This file format is considered legacy. We recommend using instead the native Keras format, e.g. `model.save('my_model.keras')` or `keras.saving.save_model(model, 'my_model.keras')`. 
2025-02-18 22:12:19,859 - INFO - \u2705 Red Neuronal guardada en: C:\Users\pc\Documents\proyecto_mineria\EvaluaRUC\backend\models\neural_network.h5
2025-02-18 22:12:20,849 - WARNING - Compiled the loaded model, but the compiled metrics have yet to be built. `model.compile_metrics` will be empty until you train or evaluate the model.
2025-02-18 22:19:11,799 - INFO - \U0001f680 Iniciando el pipeline de procesamiento y entrenamiento...
2025-02-18 22:19:33,466 - INFO - \U0001f4c2 Archivo cargado correctamente: C:\Users\pc\Documents\proyecto_mineria\EvaluaRUC\backend\database\SRI_RUC_Esmeraldas.xlsx
2025-02-18 22:19:33,467 - INFO - \u2705 Datos cargados correctamente. Total registros: 219499
2025-02-18 22:19:33,467 - INFO - \U0001f539 Iniciando limpieza de datos...
2025-02-18 22:19:39,781 - INFO - \u2705 Limpieza de datos completada correctamente.
2025-02-18 22:19:45,171 - INFO - \u2705 Datos limpios guardados en: C:\Users\pc\Documents\proyecto_mineria\EvaluaRUC\backend\database\datos_procesados.csv
2025-02-18 22:19:45,197 - INFO - \U0001f535 Entrenando RandomForest...
2025-02-18 22:19:54,256 - INFO - \u2705 RandomForest guardado en `C:\Users\pc\Documents\proyecto_mineria\EvaluaRUC\backend\models\RandomForest.pkl`
2025-02-18 22:19:54,256 - INFO - \U0001f535 Entrenando NaiveBayes...
2025-02-18 22:19:54,276 - INFO - \u2705 NaiveBayes guardado en `C:\Users\pc\Documents\proyecto_mineria\EvaluaRUC\backend\models\NaiveBayes.pkl`
2025-02-18 22:19:54,276 - INFO - \U0001f535 Entrenando LightGBM...
2025-02-18 22:19:55,335 - INFO - \u2705 LightGBM guardado en `C:\Users\pc\Documents\proyecto_mineria\EvaluaRUC\backend\models\LightGBM.pkl`
2025-02-18 22:19:55,591 - INFO - \u2705 Evaluación completada. Métricas: {'accuracy': 0.9955353075170843, 'precision': 0.9955317482834071, 'recall': 0.9955353075170843, 'f1_score': 0.9955305095032493}
2025-02-18 22:19:55,614 - INFO - \u2705 Evaluación completada. Métricas: {'accuracy': 0.847129840546697, 'precision': 0.847110129214644, 'recall': 0.847129840546697, 'f1_score': 0.8465485376201277}
2025-02-18 22:19:55,763 - INFO - \u2705 Evaluación completada. Métricas: {'accuracy': 0.9935307517084282, 'precision': 0.9935314964030411, 'recall': 0.9935307517084282, 'f1_score': 0.9935263332162874}
2025-02-18 22:19:55,768 - INFO - \U0001f3c6 Mejor modelo seleccionado: RandomForest con 1.00 de precisión
2025-02-18 22:24:04,736 - WARNING - You are saving your model as an HDF5 file via `model.save()` or `keras.saving.save_model(model)`. This file format is considered legacy. We recommend using instead the native Keras format, e.g. `model.save('my_model.keras')` or `keras.saving.save_model(model, 'my_model.keras')`. 
2025-02-18 22:24:04,756 - INFO - \u2705 Red Neuronal guardada en: C:\Users\pc\Documents\proyecto_mineria\EvaluaRUC\backend\models\neural_network.h5
2025-02-18 22:24:05,677 - WARNING - Compiled the loaded model, but the compiled metrics have yet to be built. `model.compile_metrics` will be empty until you train or evaluate the model.
2025-02-18 22:29:30,460 - INFO - \U0001f680 Iniciando el pipeline de procesamiento y entrenamiento...
2025-02-18 22:31:23,560 - INFO - \U0001f4c2 Archivo cargado correctamente: C:\Users\pc\Documents\proyecto_mineria\EvaluaRUC\backend\database\SRI_RUC_Guayas.xlsx
2025-02-18 22:31:23,561 - INFO - \u2705 Datos cargados correctamente. Total registros: 1048575
2025-02-18 22:31:23,561 - INFO - \U0001f539 Iniciando limpieza de datos...
2025-02-18 22:31:56,609 - INFO - \u2705 Limpieza de datos completada correctamente.
2025-02-18 22:32:21,877 - INFO - \u2705 Datos limpios guardados en: C:\Users\pc\Documents\proyecto_mineria\EvaluaRUC\backend\database\datos_procesados.csv
2025-02-18 22:32:22,038 - INFO - \U0001f535 Entrenando RandomForest...
2025-02-18 22:33:27,249 - INFO - \u2705 RandomForest guardado en `C:\Users\pc\Documents\proyecto_mineria\EvaluaRUC\backend\models\RandomForest.pkl`
2025-02-18 22:33:27,249 - INFO - \U0001f535 Entrenando NaiveBayes...
2025-02-18 22:33:27,347 - INFO - \u2705 NaiveBayes guardado en `C:\Users\pc\Documents\proyecto_mineria\EvaluaRUC\backend\models\NaiveBayes.pkl`
2025-02-18 22:33:27,347 - INFO - \U0001f535 Entrenando LightGBM...
2025-02-18 22:33:31,652 - INFO - \u2705 LightGBM guardado en `C:\Users\pc\Documents\proyecto_mineria\EvaluaRUC\backend\models\LightGBM.pkl`
2025-02-18 22:33:33,024 - INFO - \u2705 Evaluación completada. Métricas: {'accuracy': 0.9931240016212479, 'precision': 0.993127303109132, 'recall': 0.9931240016212479, 'f1_score': 0.993122335745312}
2025-02-18 22:33:33,154 - INFO - \u2705 Evaluación completada. Métricas: {'accuracy': 0.7851322032281907, 'precision': 0.7841294214959748, 'recall': 0.7851322032281907, 'f1_score': 0.7536707887354763}
2025-02-18 22:33:33,851 - INFO - \u2705 Evaluación completada. Métricas: {'accuracy': 0.9872445938535632, 'precision': 0.9872829573851255, 'recall': 0.9872445938535632, 'f1_score': 0.9872270331074321}
2025-02-18 22:33:33,858 - INFO - \U0001f3c6 Mejor modelo seleccionado: RandomForest con 0.99 de precisión
2025-02-18 22:53:39,587 - WARNING - You are saving your model as an HDF5 file via `model.save()` or `keras.saving.save_model(model)`. This file format is considered legacy. We recommend using instead the native Keras format, e.g. `model.save('my_model.keras')` or `keras.saving.save_model(model, 'my_model.keras')`. 
2025-02-18 22:53:39,627 - INFO - \u2705 Red Neuronal guardada en: C:\Users\pc\Documents\proyecto_mineria\EvaluaRUC\backend\models\neural_network.h5
2025-02-18 22:53:40,751 - WARNING - Compiled the loaded model, but the compiled metrics have yet to be built. `model.compile_metrics` will be empty until you train or evaluate the model.
2025-02-18 23:03:37,845 - INFO - \U0001f680 Iniciando el pipeline de procesamiento y entrenamiento...
2025-02-18 23:05:30,490 - INFO - \U0001f4c2 Archivo cargado correctamente: C:\Users\pc\Documents\proyecto_mineria\EvaluaRUC\backend\database\SRI_RUC_Guayas.xlsx
2025-02-18 23:05:30,490 - INFO - \u2705 Datos cargados correctamente. Total registros: 1048575
2025-02-18 23:05:30,490 - INFO - \U0001f539 Iniciando limpieza de datos...
2025-02-18 23:05:59,101 - INFO - \u2705 Limpieza de datos completada correctamente.
2025-02-18 23:06:24,068 - INFO - \u2705 Datos limpios guardados en: C:\Users\pc\Documents\proyecto_mineria\EvaluaRUC\backend\database\datos_procesados.csv
2025-02-18 23:06:24,201 - INFO - \U0001f535 Entrenando RandomForest...
2025-02-18 23:07:29,698 - INFO - \u2705 RandomForest guardado en `C:\Users\pc\Documents\proyecto_mineria\EvaluaRUC\backend\models\RandomForest.pkl`
2025-02-18 23:07:29,698 - INFO - \U0001f535 Entrenando NaiveBayes...
2025-02-18 23:07:29,786 - INFO - \u2705 NaiveBayes guardado en `C:\Users\pc\Documents\proyecto_mineria\EvaluaRUC\backend\models\NaiveBayes.pkl`
2025-02-18 23:07:29,786 - INFO - \U0001f535 Entrenando LightGBM...
2025-02-18 23:07:33,802 - INFO - \u2705 LightGBM guardado en `C:\Users\pc\Documents\proyecto_mineria\EvaluaRUC\backend\models\LightGBM.pkl`
2025-02-18 23:07:35,396 - INFO - \u2705 Evaluación completada. Métricas: {'accuracy': 0.9894094366163603, 'precision': 0.9894074074580088, 'recall': 0.9894094366163603, 'f1_score': 0.989407407555993}
2025-02-18 23:07:35,492 - INFO - \u2705 Evaluación completada. Métricas: {'accuracy': 0.7535035643611568, 'precision': 0.7461794428364142, 'recall': 0.7535035643611568, 'f1_score': 0.7386293388917686}
2025-02-18 23:07:36,151 - INFO - \u2705 Evaluación completada. Métricas: {'accuracy': 0.9815988365162244, 'precision': 0.9816204097434481, 'recall': 0.9815988365162244, 'f1_score': 0.9815802933445172}
2025-02-18 23:07:36,157 - INFO - \U0001f3c6 Mejor modelo seleccionado: RandomForest con 0.99 de precisión
2025-02-18 23:11:28,052 - WARNING - You are saving your model as an HDF5 file via `model.save()` or `keras.saving.save_model(model)`. This file format is considered legacy. We recommend using instead the native Keras format, e.g. `model.save('my_model.keras')` or `keras.saving.save_model(model, 'my_model.keras')`. 
2025-02-18 23:11:28,071 - INFO - \u2705 Red Neuronal guardada en: C:\Users\pc\Documents\proyecto_mineria\EvaluaRUC\backend\models\neural_network.h5
2025-02-18 23:11:29,013 - WARNING - Compiled the loaded model, but the compiled metrics have yet to be built. `model.compile_metrics` will be empty until you train or evaluate the model.
2025-02-18 23:22:09,937 - INFO - \U0001f680 Iniciando el pipeline de procesamiento y entrenamiento...
2025-02-18 23:24:02,138 - INFO - \U0001f4c2 Archivo cargado correctamente: C:\Users\pc\Documents\proyecto_mineria\EvaluaRUC\backend\database\SRI_RUC_Guayas.xlsx
2025-02-18 23:24:07,770 - INFO - \U0001f4c2 Archivo cargado correctamente: C:\Users\pc\Documents\proyecto_mineria\EvaluaRUC\backend\database\SRI_RUC_Napo.xlsx
2025-02-18 23:24:08,117 - INFO - \u2705 Datos cargados correctamente. Total registros: 1102186
2025-02-18 23:24:08,118 - INFO - \U0001f539 Iniciando limpieza de datos...
2025-02-18 23:24:38,688 - INFO - \u2705 Limpieza de datos completada correctamente.
2025-02-18 23:25:05,405 - INFO - \u2705 Datos limpios guardados en: C:\Users\pc\Documents\proyecto_mineria\EvaluaRUC\backend\database\datos_procesados.csv
2025-02-18 23:25:05,524 - INFO - \U0001f535 Entrenando RandomForest...
2025-02-18 23:26:15,411 - INFO - \u2705 RandomForest guardado en `C:\Users\pc\Documents\proyecto_mineria\EvaluaRUC\backend\models\RandomForest.pkl`
2025-02-18 23:26:15,411 - INFO - \U0001f535 Entrenando NaiveBayes...
2025-02-18 23:26:15,505 - INFO - \u2705 NaiveBayes guardado en `C:\Users\pc\Documents\proyecto_mineria\EvaluaRUC\backend\models\NaiveBayes.pkl`
2025-02-18 23:26:15,506 - INFO - \U0001f535 Entrenando LightGBM...
2025-02-18 23:26:20,105 - INFO - \u2705 LightGBM guardado en `C:\Users\pc\Documents\proyecto_mineria\EvaluaRUC\backend\models\LightGBM.pkl`
2025-02-18 23:26:21,785 - INFO - \u2705 Evaluación completada. Métricas: {'accuracy': 0.9892940418621109, 'precision': 0.98929377972439, 'recall': 0.9892940418621109, 'f1_score': 0.9892912754350404}
2025-02-18 23:26:21,909 - INFO - \u2705 Evaluación completada. Métricas: {'accuracy': 0.7519846850361553, 'precision': 0.7447853095696477, 'recall': 0.7519846850361553, 'f1_score': 0.7377398511866136}
2025-02-18 23:26:22,687 - INFO - \u2705 Evaluación completada. Métricas: {'accuracy': 0.9809515600758489, 'precision': 0.9809967468647278, 'recall': 0.9809515600758489, 'f1_score': 0.9809552755515142}
2025-02-18 23:26:22,695 - INFO - \U0001f3c6 Mejor modelo seleccionado: RandomForest con 0.99 de precisión
2025-02-18 23:30:35,379 - WARNING - You are saving your model as an HDF5 file via `model.save()` or `keras.saving.save_model(model)`. This file format is considered legacy. We recommend using instead the native Keras format, e.g. `model.save('my_model.keras')` or `keras.saving.save_model(model, 'my_model.keras')`. 
2025-02-18 23:30:35,422 - INFO - \u2705 Red Neuronal guardada en: C:\Users\pc\Documents\proyecto_mineria\EvaluaRUC\backend\models\neural_network.h5
2025-02-18 23:30:36,391 - WARNING - Compiled the loaded model, but the compiled metrics have yet to be built. `model.compile_metrics` will be empty until you train or evaluate the model.
2025-02-18 23:35:07,847 - INFO - \U0001f680 Iniciando el pipeline de procesamiento y entrenamiento...
2025-02-18 23:36:59,649 - INFO - \U0001f4c2 Archivo cargado correctamente: C:\Users\pc\Documents\proyecto_mineria\EvaluaRUC\backend\database\SRI_RUC_Guayas.xlsx
2025-02-18 23:37:05,167 - INFO - \U0001f4c2 Archivo cargado correctamente: C:\Users\pc\Documents\proyecto_mineria\EvaluaRUC\backend\database\SRI_RUC_Napo.xlsx
2025-02-18 23:39:00,353 - INFO - \U0001f4c2 Archivo cargado correctamente: C:\Users\pc\Documents\proyecto_mineria\EvaluaRUC\backend\database\SRI_RUC_Pichincha.xlsx
2025-02-18 23:39:00,870 - INFO - \u2705 Datos cargados correctamente. Total registros: 2150761
2025-02-18 23:39:00,870 - INFO - \U0001f539 Iniciando limpieza de datos...
2025-02-18 23:39:58,978 - INFO - \u2705 Limpieza de datos completada correctamente.
2025-02-18 23:40:50,635 - INFO - \u2705 Datos limpios guardados en: C:\Users\pc\Documents\proyecto_mineria\EvaluaRUC\backend\database\datos_procesados.csv
2025-02-18 23:40:50,913 - INFO - \U0001f535 Entrenando RandomForest...
2025-02-18 23:43:24,003 - INFO - \u2705 RandomForest guardado en `C:\Users\pc\Documents\proyecto_mineria\EvaluaRUC\backend\models\RandomForest.pkl`
2025-02-18 23:43:24,003 - INFO - \U0001f535 Entrenando NaiveBayes...
2025-02-18 23:43:24,165 - INFO - \u2705 NaiveBayes guardado en `C:\Users\pc\Documents\proyecto_mineria\EvaluaRUC\backend\models\NaiveBayes.pkl`
2025-02-18 23:43:24,165 - INFO - \U0001f535 Entrenando LightGBM...
2025-02-18 23:43:33,264 - INFO - \u2705 LightGBM guardado en `C:\Users\pc\Documents\proyecto_mineria\EvaluaRUC\backend\models\LightGBM.pkl`
2025-02-18 23:43:36,729 - INFO - \u2705 Evaluación completada. Métricas: {'accuracy': 0.9906033434615126, 'precision': 0.990601784375394, 'recall': 0.9906033434615126, 'f1_score': 0.990601458614655}
2025-02-18 23:43:36,913 - INFO - \u2705 Evaluación completada. Métricas: {'accuracy': 0.7680569471792594, 'precision': 0.7633671694357227, 'recall': 0.7680569471792594, 'f1_score': 0.7612149902067891}
2025-02-18 23:43:38,227 - INFO - \u2705 Evaluación completada. Métricas: {'accuracy': 0.9821830836934765, 'precision': 0.9822015781827194, 'recall': 0.9821830836934765, 'f1_score': 0.9821815432843207}
2025-02-18 23:43:38,234 - INFO - \U0001f3c6 Mejor modelo seleccionado: RandomForest con 0.99 de precisión
2025-02-19 02:13:05,003 - WARNING - You are saving your model as an HDF5 file via `model.save()` or `keras.saving.save_model(model)`. This file format is considered legacy. We recommend using instead the native Keras format, e.g. `model.save('my_model.keras')` or `keras.saving.save_model(model, 'my_model.keras')`. 
2025-02-19 02:13:05,024 - INFO - \u2705 Red Neuronal guardada en: C:\Users\pc\Documents\proyecto_mineria\EvaluaRUC\backend\models\neural_network.h5
2025-02-19 02:13:06,016 - WARNING - Compiled the loaded model, but the compiled metrics have yet to be built. `model.compile_metrics` will be empty until you train or evaluate the model.
2025-02-19 14:19:26,393 - INFO - \U0001f680 Iniciando el pipeline de procesamiento y entrenamiento...
2025-02-19 14:20:41,170 - INFO - \U0001f4c2 Archivo cargado correctamente: C:\Users\pc\Documents\proyecto_mineria\EvaluaRUC\backend\database\SRI_RUC_Azuay.xlsx
2025-02-19 14:20:48,832 - INFO - \U0001f4c2 Archivo cargado correctamente: C:\Users\pc\Documents\proyecto_mineria\EvaluaRUC\backend\database\SRI_RUC_Bolivar.xlsx
2025-02-19 14:21:07,329 - INFO - \U0001f4c2 Archivo cargado correctamente: C:\Users\pc\Documents\proyecto_mineria\EvaluaRUC\backend\database\SRI_RUC_Canar.xlsx
2025-02-19 14:21:14,927 - INFO - \U0001f4c2 Archivo cargado correctamente: C:\Users\pc\Documents\proyecto_mineria\EvaluaRUC\backend\database\SRI_RUC_Carchi.xlsx
2025-02-19 14:21:36,711 - INFO - \U0001f4c2 Archivo cargado correctamente: C:\Users\pc\Documents\proyecto_mineria\EvaluaRUC\backend\database\SRI_RUC_Chimborazo.xlsx
2025-02-19 14:21:53,969 - INFO - \U0001f4c2 Archivo cargado correctamente: C:\Users\pc\Documents\proyecto_mineria\EvaluaRUC\backend\database\SRI_RUC_Cotopaxi.xlsx
2025-02-19 14:23:00,972 - INFO - \U0001f4c2 Archivo cargado correctamente: C:\Users\pc\Documents\proyecto_mineria\EvaluaRUC\backend\database\SRI_RUC_El_Oro.xlsx
2025-02-19 14:23:23,175 - INFO - \U0001f4c2 Archivo cargado correctamente: C:\Users\pc\Documents\proyecto_mineria\EvaluaRUC\backend\database\SRI_RUC_Esmeraldas.xlsx
2025-02-19 14:23:25,791 - INFO - \U0001f4c2 Archivo cargado correctamente: C:\Users\pc\Documents\proyecto_mineria\EvaluaRUC\backend\database\SRI_RUC_Galapagos.xlsx
2025-02-19 14:25:17,375 - INFO - \U0001f4c2 Archivo cargado correctamente: C:\Users\pc\Documents\proyecto_mineria\EvaluaRUC\backend\database\SRI_RUC_Guayas.xlsx
2025-02-19 14:25:38,431 - INFO - \U0001f4c2 Archivo cargado correctamente: C:\Users\pc\Documents\proyecto_mineria\EvaluaRUC\backend\database\SRI_RUC_Imbabura.xlsx
2025-02-19 14:26:01,988 - INFO - \U0001f4c2 Archivo cargado correctamente: C:\Users\pc\Documents\proyecto_mineria\EvaluaRUC\backend\database\SRI_RUC_Loja.xlsx
2025-02-19 14:26:31,176 - INFO - \U0001f4c2 Archivo cargado correctamente: C:\Users\pc\Documents\proyecto_mineria\EvaluaRUC\backend\database\SRI_RUC_Los_Rios.xlsx
2025-02-19 14:28:27,652 - INFO - \U0001f4c2 Archivo cargado correctamente: C:\Users\pc\Documents\proyecto_mineria\EvaluaRUC\backend\database\SRI_RUC_Manabi.xlsx
2025-02-19 14:28:34,680 - INFO - \U0001f4c2 Archivo cargado correctamente: C:\Users\pc\Documents\proyecto_mineria\EvaluaRUC\backend\database\SRI_RUC_Morona_Santiago.xlsx
2025-02-19 14:28:40,160 - INFO - \U0001f4c2 Archivo cargado correctamente: C:\Users\pc\Documents\proyecto_mineria\EvaluaRUC\backend\database\SRI_RUC_Napo.xlsx
2025-02-19 14:28:48,068 - INFO - \U0001f4c2 Archivo cargado correctamente: C:\Users\pc\Documents\proyecto_mineria\EvaluaRUC\backend\database\SRI_RUC_Orellana.xlsx
2025-02-19 14:28:53,530 - INFO - \U0001f4c2 Archivo cargado correctamente: C:\Users\pc\Documents\proyecto_mineria\EvaluaRUC\backend\database\SRI_RUC_Pastaza.xlsx
2025-02-19 14:30:46,049 - INFO - \U0001f4c2 Archivo cargado correctamente: C:\Users\pc\Documents\proyecto_mineria\EvaluaRUC\backend\database\SRI_RUC_Pichincha.xlsx
2025-02-19 14:30:57,017 - INFO - \U0001f4c2 Archivo cargado correctamente: C:\Users\pc\Documents\proyecto_mineria\EvaluaRUC\backend\database\SRI_RUC_Santa_Elena.xlsx
2025-02-19 14:31:44,591 - INFO - \U0001f4c2 Archivo cargado correctamente: C:\Users\pc\Documents\proyecto_mineria\EvaluaRUC\backend\database\SRI_RUC_Santo_Domingo.xlsx
2025-02-19 14:31:54,637 - INFO - \U0001f4c2 Archivo cargado correctamente: C:\Users\pc\Documents\proyecto_mineria\EvaluaRUC\backend\database\SRI_RUC_Sucumbios.xlsx
2025-02-19 14:32:21,801 - INFO - \U0001f4c2 Archivo cargado correctamente: C:\Users\pc\Documents\proyecto_mineria\EvaluaRUC\backend\database\SRI_RUC_Tungurahua.xlsx
2025-02-19 14:32:27,583 - INFO - \U0001f4c2 Archivo cargado correctamente: C:\Users\pc\Documents\proyecto_mineria\EvaluaRUC\backend\database\SRI_RUC_Zamora_Chinchipe.xlsx
2025-02-19 14:32:29,350 - INFO - \u2705 Datos cargados correctamente. Total registros: 6095099
2025-02-19 14:32:29,350 - INFO - \U0001f539 Iniciando limpieza de datos...
2025-02-19 14:36:07,803 - INFO - \u2705 Limpieza de datos completada correctamente.
2025-02-19 14:38:33,821 - INFO - \u2705 Datos limpios guardados en: C:\Users\pc\Documents\proyecto_mineria\EvaluaRUC\backend\database\datos_procesados.csv
2025-02-19 14:38:34,656 - INFO - \U0001f535 Entrenando RandomForest...
2025-02-19 14:47:39,242 - INFO - \u2705 RandomForest guardado en `C:\Users\pc\Documents\proyecto_mineria\EvaluaRUC\backend\models\RandomForest.pkl`
2025-02-19 14:47:39,242 - INFO - \U0001f535 Entrenando NaiveBayes...
2025-02-19 14:47:39,799 - INFO - \u2705 NaiveBayes guardado en `C:\Users\pc\Documents\proyecto_mineria\EvaluaRUC\backend\models\NaiveBayes.pkl`
2025-02-19 14:47:39,799 - INFO - \U0001f535 Entrenando LightGBM...
2025-02-19 14:48:07,875 - INFO - \u2705 LightGBM guardado en `C:\Users\pc\Documents\proyecto_mineria\EvaluaRUC\backend\models\LightGBM.pkl`
2025-02-19 14:48:18,818 - INFO - \u2705 Evaluación completada. Métricas: {'accuracy': 0.9916400059063838, 'precision': 0.9916395072264973, 'recall': 0.9916400059063838, 'f1_score': 0.9916386704277282}
2025-02-19 14:48:19,267 - INFO - \u2705 Evaluación completada. Métricas: {'accuracy': 0.7959213138422667, 'precision': 0.7925503102957578, 'recall': 0.7959213138422667, 'f1_score': 0.793193094001576}
2025-02-19 14:48:22,893 - INFO - \u2705 Evaluación completada. Métricas: {'accuracy': 0.9852389624452429, 'precision': 0.9852717688607524, 'recall': 0.9852389624452429, 'f1_score': 0.9852327897177994}
2025-02-19 14:48:22,907 - INFO - \U0001f3c6 Mejor modelo seleccionado: RandomForest con 0.99 de precisión
2025-02-19 21:56:14,637 - WARNING - You are saving your model as an HDF5 file via `model.save()` or `keras.saving.save_model(model)`. This file format is considered legacy. We recommend using instead the native Keras format, e.g. `model.save('my_model.keras')` or `keras.saving.save_model(model, 'my_model.keras')`. 
2025-02-19 21:56:14,709 - INFO - \u2705 Red Neuronal guardada en: C:\Users\pc\Documents\proyecto_mineria\EvaluaRUC\backend\models\neural_network.h5
2025-02-19 21:56:16,063 - WARNING - Compiled the loaded model, but the compiled metrics have yet to be built. `model.compile_metrics` will be empty until you train or evaluate the model.
2025-02-21 08:10:41,041 - INFO - \U0001f680 Iniciando entrenamiento de modelos...
2025-02-21 08:11:03,316 - INFO - \U0001f4c2 Archivo cargado correctamente: C:\Users\pc\Documents\proyecto_mineria\EvaluaRUC\backend\database\SRI_RUC_Esmeraldas.xlsx
2025-02-21 08:11:03,316 - INFO - \U0001f539 Iniciando limpieza de datos...
2025-02-21 08:13:15,301 - INFO - \u2705 Limpieza de datos completada correctamente.
2025-02-21 08:28:52,439 - INFO - \U0001f680 Iniciando entrenamiento de modelos...
2025-02-21 08:29:13,790 - INFO - \U0001f4c2 Archivo cargado correctamente: C:\Users\pc\Documents\proyecto_mineria\EvaluaRUC\backend\database\SRI_RUC_Esmeraldas.xlsx
2025-02-21 08:29:13,791 - INFO - \U0001f539 Iniciando limpieza de datos...
2025-02-21 08:29:16,004 - INFO - \u2705 Limpieza de datos completada correctamente.
2025-02-21 08:29:20,957 - INFO - \U0001f535 Entrenando RandomForest...
2025-02-21 08:29:31,527 - INFO - \u2705 RandomForest guardado en `C:\Users\pc\Documents\proyecto_mineria\EvaluaRUC\backend\models\RandomForest.pkl`
2025-02-21 08:29:31,527 - INFO - \U0001f535 Entrenando NaiveBayes...
2025-02-21 08:29:31,549 - INFO - \u2705 NaiveBayes guardado en `C:\Users\pc\Documents\proyecto_mineria\EvaluaRUC\backend\models\NaiveBayes.pkl`
2025-02-21 08:29:31,549 - INFO - \U0001f535 Entrenando LightGBM...
2025-02-21 08:29:32,577 - INFO - \u2705 LightGBM guardado en `C:\Users\pc\Documents\proyecto_mineria\EvaluaRUC\backend\models\LightGBM.pkl`
2025-02-21 08:29:32,971 - INFO - \u2705 Evaluación completada. Métricas: {'accuracy': 0.9892938496583144, 'precision': 0.9876863714299526, 'recall': 0.9892938496583144, 'f1_score': 0.9876798536309666}
2025-02-21 08:29:32,995 - INFO - \u2705 Evaluación completada. Métricas: {'accuracy': 0.6208428246013667, 'precision': 0.9504949226666519, 'recall': 0.6208428246013667, 'f1_score': 0.7024498379015441}
2025-02-21 08:29:33,139 - INFO - \u2705 Evaluación completada. Métricas: {'accuracy': 0.9862870159453303, 'precision': 0.9818167281503299, 'recall': 0.9862870159453303, 'f1_score': 0.9819041491274788}
2025-02-21 08:29:33,337 - INFO - \u2705 Modelos entrenados y guardados correctamente.
2025-02-21 08:36:24,755 - INFO - \U0001f680 Iniciando el pipeline de procesamiento y entrenamiento...
2025-02-21 08:36:46,279 - INFO - \U0001f4c2 Archivo cargado correctamente: C:\Users\pc\Documents\proyecto_mineria\EvaluaRUC\backend\database\SRI_RUC_Esmeraldas.xlsx
2025-02-21 08:36:46,279 - INFO - \u2705 Datos cargados correctamente. Total registros: 219499
2025-02-21 08:36:46,279 - INFO - \U0001f539 Iniciando limpieza de datos...
2025-02-21 08:36:48,564 - INFO - \u2705 Limpieza de datos completada correctamente.
2025-02-21 08:36:53,603 - INFO - \u2705 Datos limpios guardados en: C:\Users\pc\Documents\proyecto_mineria\EvaluaRUC\backend\database\datos_procesados.csv
2025-02-21 08:36:53,628 - INFO - \U0001f535 Entrenando RandomForest...
2025-02-21 08:37:04,193 - INFO - \u2705 RandomForest guardado en `C:\Users\pc\Documents\proyecto_mineria\EvaluaRUC\backend\models\RandomForest.pkl`
2025-02-21 08:37:04,193 - INFO - \U0001f535 Entrenando NaiveBayes...
2025-02-21 08:37:04,214 - INFO - \u2705 NaiveBayes guardado en `C:\Users\pc\Documents\proyecto_mineria\EvaluaRUC\backend\models\NaiveBayes.pkl`
2025-02-21 08:37:04,214 - INFO - \U0001f535 Entrenando LightGBM...
2025-02-21 08:37:05,194 - INFO - \u2705 LightGBM guardado en `C:\Users\pc\Documents\proyecto_mineria\EvaluaRUC\backend\models\LightGBM.pkl`
2025-02-21 08:37:05,598 - INFO - \u2705 Evaluación completada. Métricas: {'accuracy': 0.9892710706150342, 'precision': 0.9876379947089393, 'recall': 0.9892710706150342, 'f1_score': 0.9876661676668859}
2025-02-21 08:37:05,623 - INFO - \u2705 Evaluación completada. Métricas: {'accuracy': 0.6208428246013667, 'precision': 0.9504949226666519, 'recall': 0.6208428246013667, 'f1_score': 0.7024498379015441}
2025-02-21 08:37:05,773 - INFO - \u2705 Evaluación completada. Métricas: {'accuracy': 0.9864236902050114, 'precision': 0.9819747563803312, 'recall': 0.9864236902050114, 'f1_score': 0.9821146297333793}
2025-02-21 08:37:06,141 - INFO - \u2705 Modelos entrenados y guardados correctamente.
2025-02-21 08:37:31,523 - WARNING - You are saving your model as an HDF5 file via `model.save()` or `keras.saving.save_model(model)`. This file format is considered legacy. We recommend using instead the native Keras format, e.g. `model.save('my_model.keras')` or `keras.saving.save_model(model, 'my_model.keras')`. 
2025-02-21 08:37:31,552 - INFO - \u2705 Red Neuronal guardada en: C:\Users\pc\Documents\proyecto_mineria\EvaluaRUC\backend\models\neural_network.h5
2025-02-21 08:37:31,924 - INFO - \u2705 Entrenamiento de Red Neuronal completado.
2025-02-21 08:48:53,350 - INFO - \U0001f680 Iniciando el pipeline de procesamiento y entrenamiento...
2025-02-21 08:49:14,478 - INFO - \U0001f4c2 Archivo cargado correctamente: C:\Users\pc\Documents\proyecto_mineria\EvaluaRUC\backend\database\SRI_RUC_Esmeraldas.xlsx
2025-02-21 08:49:14,479 - ERROR - \u274c Error cargando C:\Users\pc\Documents\proyecto_mineria\EvaluaRUC\backend\database\~$SRI_RUC_Esmeraldas.xlsx: [Errno 13] Permission denied: 'C:\\Users\\pc\\Documents\\proyecto_mineria\\EvaluaRUC\\backend\\database\\~$SRI_RUC_Esmeraldas.xlsx'
2025-02-21 08:49:14,479 - INFO - \u2705 Datos cargados correctamente. Total registros: 219499
2025-02-21 08:49:14,479 - INFO - \U0001f539 Iniciando limpieza de datos...
2025-02-21 08:49:16,839 - INFO - \u2705 Limpieza de datos completada correctamente.
2025-02-21 08:49:22,075 - INFO - \u2705 Datos limpios guardados en: C:\Users\pc\Documents\proyecto_mineria\EvaluaRUC\backend\database\datos_procesados.csv
2025-02-21 08:49:22,107 - INFO - \U0001f535 Entrenando RandomForest...
2025-02-21 08:49:33,055 - INFO - \u2705 RandomForest guardado en `C:\Users\pc\Documents\proyecto_mineria\EvaluaRUC\backend\models\RandomForest.pkl`
2025-02-21 08:49:33,055 - INFO - \U0001f535 Entrenando NaiveBayes...
2025-02-21 08:49:33,076 - INFO - \u2705 NaiveBayes guardado en `C:\Users\pc\Documents\proyecto_mineria\EvaluaRUC\backend\models\NaiveBayes.pkl`
2025-02-21 08:49:33,076 - INFO - \U0001f535 Entrenando LightGBM...
2025-02-21 08:49:34,082 - INFO - \u2705 LightGBM guardado en `C:\Users\pc\Documents\proyecto_mineria\EvaluaRUC\backend\models\LightGBM.pkl`
2025-02-21 08:49:34,516 - INFO - \u2705 Evaluación completada. Métricas: {'accuracy': 0.9893849658314351, 'precision': 0.9877641452841508, 'recall': 0.9893849658314351, 'f1_score': 0.9877752497143426}
2025-02-21 08:49:34,540 - INFO - \u2705 Evaluación completada. Métricas: {'accuracy': 0.6208428246013667, 'precision': 0.9504949226666519, 'recall': 0.6208428246013667, 'f1_score': 0.7024498379015441}
2025-02-21 08:49:34,689 - INFO - \u2705 Evaluación completada. Métricas: {'accuracy': 0.9864236902050114, 'precision': 0.9820650002072141, 'recall': 0.9864236902050114, 'f1_score': 0.9820683625948697}
2025-02-21 08:49:34,896 - INFO - \u2705 Modelos entrenados y guardados correctamente.
2025-02-21 08:50:02,165 - WARNING - You are saving your model as an HDF5 file via `model.save()` or `keras.saving.save_model(model)`. This file format is considered legacy. We recommend using instead the native Keras format, e.g. `model.save('my_model.keras')` or `keras.saving.save_model(model, 'my_model.keras')`. 
2025-02-21 08:50:02,185 - INFO - \u2705 Red Neuronal guardada en: C:\Users\pc\Documents\proyecto_mineria\EvaluaRUC\backend\models\neural_network.h5
2025-02-21 08:50:02,582 - INFO - \u2705 Entrenamiento de Red Neuronal completado.
2025-02-21 08:50:14,491 - INFO - \U0001f680 Iniciando el pipeline de procesamiento y entrenamiento...
2025-02-21 08:50:36,765 - INFO - \U0001f4c2 Archivo cargado correctamente: C:\Users\pc\Documents\proyecto_mineria\EvaluaRUC\backend\database\SRI_RUC_Esmeraldas.xlsx
2025-02-21 08:50:36,765 - INFO - \u2705 Datos cargados correctamente. Total registros: 219499
2025-02-21 08:50:36,766 - INFO - \U0001f539 Iniciando limpieza de datos...
2025-02-21 08:50:39,257 - INFO - \u2705 Limpieza de datos completada correctamente.
2025-02-21 08:50:46,175 - INFO - \u2705 Datos limpios guardados en: C:\Users\pc\Documents\proyecto_mineria\EvaluaRUC\backend\database\datos_procesados.csv
2025-02-21 08:50:46,216 - INFO - \U0001f535 Entrenando RandomForest...
2025-02-21 08:50:59,606 - INFO - \u2705 RandomForest guardado en `C:\Users\pc\Documents\proyecto_mineria\EvaluaRUC\backend\models\RandomForest.pkl`
2025-02-21 08:50:59,606 - INFO - \U0001f535 Entrenando NaiveBayes...
2025-02-21 08:50:59,637 - INFO - \u2705 NaiveBayes guardado en `C:\Users\pc\Documents\proyecto_mineria\EvaluaRUC\backend\models\NaiveBayes.pkl`
2025-02-21 08:50:59,637 - INFO - \U0001f535 Entrenando LightGBM...
2025-02-21 08:51:00,733 - INFO - \u2705 LightGBM guardado en `C:\Users\pc\Documents\proyecto_mineria\EvaluaRUC\backend\models\LightGBM.pkl`
2025-02-21 08:51:01,156 - INFO - \u2705 Evaluación completada. Métricas: {'accuracy': 0.9892938496583144, 'precision': 0.9876333626318308, 'recall': 0.9892938496583144, 'f1_score': 0.9876801956949085}
2025-02-21 08:51:01,183 - INFO - \u2705 Evaluación completada. Métricas: {'accuracy': 0.6208428246013667, 'precision': 0.9504949226666519, 'recall': 0.6208428246013667, 'f1_score': 0.7024498379015441}
2025-02-21 08:51:01,342 - INFO - \u2705 Evaluación completada. Métricas: {'accuracy': 0.9863325740318907, 'precision': 0.9817744662948807, 'recall': 0.9863325740318907, 'f1_score': 0.9819961277009102}
2025-02-21 08:51:01,538 - INFO - \u2705 Modelos entrenados y guardados correctamente.
2025-02-21 08:51:27,872 - WARNING - You are saving your model as an HDF5 file via `model.save()` or `keras.saving.save_model(model)`. This file format is considered legacy. We recommend using instead the native Keras format, e.g. `model.save('my_model.keras')` or `keras.saving.save_model(model, 'my_model.keras')`. 
2025-02-21 08:51:27,891 - INFO - \u2705 Red Neuronal guardada en: C:\Users\pc\Documents\proyecto_mineria\EvaluaRUC\backend\models\neural_network.h5
2025-02-21 08:51:28,265 - INFO - \u2705 Entrenamiento de Red Neuronal completado.
2025-02-21 08:54:13,001 - INFO - \U0001f680 Iniciando el pipeline de procesamiento y entrenamiento...
2025-02-21 08:54:35,436 - INFO - \U0001f4c2 Archivo cargado correctamente: C:\Users\pc\Documents\proyecto_mineria\EvaluaRUC\backend\database\SRI_RUC_Esmeraldas.xlsx
2025-02-21 08:54:35,437 - ERROR - \u274c Error cargando C:\Users\pc\Documents\proyecto_mineria\EvaluaRUC\backend\database\~$SRI_RUC_Esmeraldas.xlsx: [Errno 13] Permission denied: 'C:\\Users\\pc\\Documents\\proyecto_mineria\\EvaluaRUC\\backend\\database\\~$SRI_RUC_Esmeraldas.xlsx'
2025-02-21 08:54:35,438 - INFO - \u2705 Datos cargados correctamente. Total registros: 219499
2025-02-21 08:54:35,438 - INFO - \U0001f539 Iniciando limpieza de datos...
2025-02-21 08:54:38,273 - INFO - \u2705 Limpieza de datos completada correctamente.
2025-02-21 08:54:44,077 - INFO - \u2705 Datos limpios guardados en: C:\Users\pc\Documents\proyecto_mineria\EvaluaRUC\backend\database\datos_procesados.csv
2025-02-21 08:54:44,101 - INFO - \U0001f535 Entrenando RandomForest...
2025-02-21 08:54:55,458 - INFO - \u2705 RandomForest guardado en `C:\Users\pc\Documents\proyecto_mineria\EvaluaRUC\backend\models\RandomForest.pkl`
2025-02-21 08:54:55,459 - INFO - \U0001f535 Entrenando NaiveBayes...
2025-02-21 08:54:55,478 - INFO - \u2705 NaiveBayes guardado en `C:\Users\pc\Documents\proyecto_mineria\EvaluaRUC\backend\models\NaiveBayes.pkl`
2025-02-21 08:54:55,478 - INFO - \U0001f535 Entrenando LightGBM...
2025-02-21 08:54:56,344 - INFO - \u2705 LightGBM guardado en `C:\Users\pc\Documents\proyecto_mineria\EvaluaRUC\backend\models\LightGBM.pkl`
2025-02-21 08:54:56,739 - INFO - \u2705 Evaluación completada. Métricas: {'accuracy': 0.9893166287015945, 'precision': 0.9876954855092579, 'recall': 0.9893166287015945, 'f1_score': 0.987672529482769}
2025-02-21 08:54:56,767 - INFO - \u2705 Evaluación completada. Métricas: {'accuracy': 0.5128701594533029, 'precision': 0.948608350625029, 'recall': 0.5128701594533029, 'f1_score': 0.6353505157364964}
2025-02-21 08:54:56,903 - INFO - \u2705 Evaluación completada. Métricas: {'accuracy': 0.986492027334852, 'precision': 0.9822444144998698, 'recall': 0.986492027334852, 'f1_score': 0.9822019338140686}
2025-02-21 08:54:57,121 - INFO - \u2705 Modelos entrenados y guardados correctamente.
2025-02-21 08:55:24,145 - WARNING - You are saving your model as an HDF5 file via `model.save()` or `keras.saving.save_model(model)`. This file format is considered legacy. We recommend using instead the native Keras format, e.g. `model.save('my_model.keras')` or `keras.saving.save_model(model, 'my_model.keras')`. 
2025-02-21 08:55:24,166 - INFO - \u2705 Red Neuronal guardada en: C:\Users\pc\Documents\proyecto_mineria\EvaluaRUC\backend\models\neural_network.h5
2025-02-21 08:55:24,563 - INFO - \u2705 Entrenamiento de Red Neuronal completado.
2025-02-21 09:29:09,910 - INFO - \U0001f680 Iniciando el pipeline de procesamiento y entrenamiento...
2025-02-21 09:29:30,886 - INFO - \U0001f4c2 Archivo cargado correctamente: C:\Users\pc\Documents\proyecto_mineria\EvaluaRUC\backend\database\SRI_RUC_Esmeraldas.xlsx
2025-02-21 09:29:30,887 - ERROR - \u274c Error cargando C:\Users\pc\Documents\proyecto_mineria\EvaluaRUC\backend\database\~$SRI_RUC_Esmeraldas.xlsx: [Errno 13] Permission denied: 'C:\\Users\\pc\\Documents\\proyecto_mineria\\EvaluaRUC\\backend\\database\\~$SRI_RUC_Esmeraldas.xlsx'
2025-02-21 09:29:30,887 - INFO - \u2705 Datos cargados correctamente. Total registros: 219499
2025-02-21 09:29:30,887 - INFO - \U0001f539 Iniciando limpieza de datos...
2025-02-21 09:29:33,186 - INFO - \u2705 Limpieza de datos completada correctamente.
2025-02-21 09:29:38,314 - INFO - \u2705 Datos limpios guardados en: C:\Users\pc\Documents\proyecto_mineria\EvaluaRUC\backend\database\datos_procesados.csv
2025-02-21 09:29:38,336 - INFO - \U0001f535 Entrenando RandomForest...
2025-02-21 09:29:49,113 - INFO - \u2705 RandomForest guardado en `C:\Users\pc\Documents\proyecto_mineria\EvaluaRUC\backend\models\RandomForest.pkl`
2025-02-21 09:29:49,113 - INFO - \U0001f535 Entrenando NaiveBayes...
2025-02-21 09:29:49,133 - INFO - \u2705 NaiveBayes guardado en `C:\Users\pc\Documents\proyecto_mineria\EvaluaRUC\backend\models\NaiveBayes.pkl`
2025-02-21 09:29:49,133 - INFO - \U0001f535 Entrenando LightGBM...
2025-02-21 09:29:49,885 - INFO - \u2705 LightGBM guardado en `C:\Users\pc\Documents\proyecto_mineria\EvaluaRUC\backend\models\LightGBM.pkl`
2025-02-21 09:29:50,259 - INFO - \u2705 Evaluación completada. Métricas: {'accuracy': 0.9889977220956719, 'precision': 0.9873760623894614, 'recall': 0.9889977220956719, 'f1_score': 0.9872995742305427}
2025-02-21 09:29:50,284 - INFO - \u2705 Evaluación completada. Métricas: {'accuracy': 0.9194760820045558, 'precision': 0.9356739270335194, 'recall': 0.9194760820045558, 'f1_score': 0.9217151770003318}
2025-02-21 09:29:50,392 - INFO - \u2705 Evaluación completada. Métricas: {'accuracy': 0.9862642369020501, 'precision': 0.9829760384993957, 'recall': 0.9862642369020501, 'f1_score': 0.9819269436588431}
2025-02-21 09:29:50,566 - INFO - \u2705 Modelos entrenados y guardados correctamente.
2025-02-21 09:30:15,348 - WARNING - You are saving your model as an HDF5 file via `model.save()` or `keras.saving.save_model(model)`. This file format is considered legacy. We recommend using instead the native Keras format, e.g. `model.save('my_model.keras')` or `keras.saving.save_model(model, 'my_model.keras')`. 
2025-02-21 09:30:15,368 - INFO - \u2705 Red Neuronal guardada en: C:\Users\pc\Documents\proyecto_mineria\EvaluaRUC\backend\models\neural_network.h5
2025-02-21 09:30:15,712 - INFO - \u2705 Entrenamiento de Red Neuronal completado.
2025-02-21 09:36:24,172 - INFO - \U0001f680 Iniciando el pipeline de procesamiento y entrenamiento...
2025-02-21 09:37:34,489 - INFO - \U0001f4c2 Archivo cargado correctamente: C:\Users\pc\Documents\proyecto_mineria\EvaluaRUC\backend\database\SRI_RUC_Azuay.xlsx
2025-02-21 09:37:42,118 - INFO - \U0001f4c2 Archivo cargado correctamente: C:\Users\pc\Documents\proyecto_mineria\EvaluaRUC\backend\database\SRI_RUC_Bolivar.xlsx
2025-02-21 09:38:00,619 - INFO - \U0001f4c2 Archivo cargado correctamente: C:\Users\pc\Documents\proyecto_mineria\EvaluaRUC\backend\database\SRI_RUC_Canar.xlsx
2025-02-21 09:38:07,919 - INFO - \U0001f4c2 Archivo cargado correctamente: C:\Users\pc\Documents\proyecto_mineria\EvaluaRUC\backend\database\SRI_RUC_Carchi.xlsx
2025-02-21 09:38:29,373 - INFO - \U0001f4c2 Archivo cargado correctamente: C:\Users\pc\Documents\proyecto_mineria\EvaluaRUC\backend\database\SRI_RUC_Chimborazo.xlsx
2025-02-21 09:38:46,367 - INFO - \U0001f4c2 Archivo cargado correctamente: C:\Users\pc\Documents\proyecto_mineria\EvaluaRUC\backend\database\SRI_RUC_Cotopaxi.xlsx
2025-02-21 09:39:46,864 - INFO - \U0001f4c2 Archivo cargado correctamente: C:\Users\pc\Documents\proyecto_mineria\EvaluaRUC\backend\database\SRI_RUC_El_Oro.xlsx
2025-02-21 09:40:07,912 - INFO - \U0001f4c2 Archivo cargado correctamente: C:\Users\pc\Documents\proyecto_mineria\EvaluaRUC\backend\database\SRI_RUC_Esmeraldas.xlsx
2025-02-21 09:40:10,456 - INFO - \U0001f4c2 Archivo cargado correctamente: C:\Users\pc\Documents\proyecto_mineria\EvaluaRUC\backend\database\SRI_RUC_Galapagos.xlsx
2025-02-21 09:42:00,758 - INFO - \U0001f4c2 Archivo cargado correctamente: C:\Users\pc\Documents\proyecto_mineria\EvaluaRUC\backend\database\SRI_RUC_Guayas.xlsx
2025-02-21 09:42:22,098 - INFO - \U0001f4c2 Archivo cargado correctamente: C:\Users\pc\Documents\proyecto_mineria\EvaluaRUC\backend\database\SRI_RUC_Imbabura.xlsx
2025-02-21 09:42:45,895 - INFO - \U0001f4c2 Archivo cargado correctamente: C:\Users\pc\Documents\proyecto_mineria\EvaluaRUC\backend\database\SRI_RUC_Loja.xlsx
2025-02-21 09:43:15,805 - INFO - \U0001f4c2 Archivo cargado correctamente: C:\Users\pc\Documents\proyecto_mineria\EvaluaRUC\backend\database\SRI_RUC_Los_Rios.xlsx
2025-02-21 09:45:10,341 - INFO - \U0001f4c2 Archivo cargado correctamente: C:\Users\pc\Documents\proyecto_mineria\EvaluaRUC\backend\database\SRI_RUC_Manabi.xlsx
2025-02-21 09:45:17,388 - INFO - \U0001f4c2 Archivo cargado correctamente: C:\Users\pc\Documents\proyecto_mineria\EvaluaRUC\backend\database\SRI_RUC_Morona_Santiago.xlsx
2025-02-21 09:45:22,628 - INFO - \U0001f4c2 Archivo cargado correctamente: C:\Users\pc\Documents\proyecto_mineria\EvaluaRUC\backend\database\SRI_RUC_Napo.xlsx
2025-02-21 09:45:30,376 - INFO - \U0001f4c2 Archivo cargado correctamente: C:\Users\pc\Documents\proyecto_mineria\EvaluaRUC\backend\database\SRI_RUC_Orellana.xlsx
2025-02-21 09:45:35,862 - INFO - \U0001f4c2 Archivo cargado correctamente: C:\Users\pc\Documents\proyecto_mineria\EvaluaRUC\backend\database\SRI_RUC_Pastaza.xlsx
2025-02-21 09:47:28,642 - INFO - \U0001f4c2 Archivo cargado correctamente: C:\Users\pc\Documents\proyecto_mineria\EvaluaRUC\backend\database\SRI_RUC_Pichincha.xlsx
2025-02-21 09:47:39,577 - INFO - \U0001f4c2 Archivo cargado correctamente: C:\Users\pc\Documents\proyecto_mineria\EvaluaRUC\backend\database\SRI_RUC_Santa_Elena.xlsx
2025-02-21 09:48:26,728 - INFO - \U0001f4c2 Archivo cargado correctamente: C:\Users\pc\Documents\proyecto_mineria\EvaluaRUC\backend\database\SRI_RUC_Santo_Domingo.xlsx
2025-02-21 09:48:36,553 - INFO - \U0001f4c2 Archivo cargado correctamente: C:\Users\pc\Documents\proyecto_mineria\EvaluaRUC\backend\database\SRI_RUC_Sucumbios.xlsx
2025-02-21 09:49:03,782 - INFO - \U0001f4c2 Archivo cargado correctamente: C:\Users\pc\Documents\proyecto_mineria\EvaluaRUC\backend\database\SRI_RUC_Tungurahua.xlsx
2025-02-21 09:49:09,505 - INFO - \U0001f4c2 Archivo cargado correctamente: C:\Users\pc\Documents\proyecto_mineria\EvaluaRUC\backend\database\SRI_RUC_Zamora_Chinchipe.xlsx
2025-02-21 09:49:11,112 - INFO - \u2705 Datos cargados correctamente. Total registros: 6095099
2025-02-21 09:49:11,112 - INFO - \U0001f539 Iniciando limpieza de datos...
2025-02-21 09:50:55,814 - INFO - \u2705 Limpieza de datos completada correctamente.
2025-02-21 09:53:14,310 - INFO - \u2705 Datos limpios guardados en: C:\Users\pc\Documents\proyecto_mineria\EvaluaRUC\backend\database\datos_procesados.csv
2025-02-21 09:53:15,073 - INFO - \U0001f535 Entrenando RandomForest...
2025-02-21 10:04:24,314 - INFO - \u2705 RandomForest guardado en `C:\Users\pc\Documents\proyecto_mineria\EvaluaRUC\backend\models\RandomForest.pkl`
2025-02-21 10:04:24,316 - INFO - \U0001f535 Entrenando NaiveBayes...
2025-02-21 10:04:24,958 - INFO - \u2705 NaiveBayes guardado en `C:\Users\pc\Documents\proyecto_mineria\EvaluaRUC\backend\models\NaiveBayes.pkl`
2025-02-21 10:04:24,958 - INFO - \U0001f535 Entrenando LightGBM...
2025-02-21 10:04:46,483 - INFO - \u2705 LightGBM guardado en `C:\Users\pc\Documents\proyecto_mineria\EvaluaRUC\backend\models\LightGBM.pkl`
2025-02-21 10:05:02,779 - INFO - \u2705 Evaluación completada. Métricas: {'accuracy': 0.9889739298780988, 'precision': 0.9871705347810815, 'recall': 0.9889739298780988, 'f1_score': 0.9873730039161752}
2025-02-21 10:05:03,532 - INFO - \u2705 Evaluación completada. Métricas: {'accuracy': 0.9391289724532822, 'precision': 0.9443083124184339, 'recall': 0.9391289724532822, 'f1_score': 0.9384103071460014}
2025-02-21 10:05:06,201 - INFO - \u2705 Evaluación completada. Métricas: {'accuracy': 0.9819018555889157, 'precision': 0.9779428759160685, 'recall': 0.9819018555889157, 'f1_score': 0.976642412382139}
2025-02-21 10:05:06,409 - INFO - \u2705 Modelos entrenados y guardados correctamente.
2025-02-22 04:40:45,589 - WARNING - You are saving your model as an HDF5 file via `model.save()` or `keras.saving.save_model(model)`. This file format is considered legacy. We recommend using instead the native Keras format, e.g. `model.save('my_model.keras')` or `keras.saving.save_model(model, 'my_model.keras')`. 
2025-02-22 04:40:45,677 - INFO - \u2705 Red Neuronal guardada en: C:\Users\pc\Documents\proyecto_mineria\EvaluaRUC\backend\models\neural_network.h5
2025-02-22 04:40:46,248 - INFO - \u2705 Entrenamiento de Red Neuronal completado.
